[02-May-2021 14:21:11 Asia/tehran] Enabled PHP logging
[02-May-2021 14:21:11 Asia/tehran] Enabled PHP logging
Logger:         	MadelineProto
Logger:         	Copyright (C) 2016-2020 Daniil Gentili
Logger:         	Licensed under AGPLv3
Logger:         	https://github.com/danog/MadelineProto
API:            	Shutting down MadelineProto (danog\MadelineProto\API)
API:            	Prompting final serialization...
SessionPaths:   	Waiting for exclusive lock of /home/pokermahdi/public_html/erf/dl.madeline.safe.php.lock...
SessionPaths:   	Got exclusive lock of /home/pokermahdi/public_html/erf/dl.madeline.safe.php.lock...
APIWrapper:     	Saved session!
API:            	Done final serialization!
[02-May-2021 14:21:16 Asia/tehran] Enabled PHP logging
[02-May-2021 14:21:16 Asia/tehran] Enabled PHP logging
Logger:         	MadelineProto
Logger:         	Copyright (C) 2016-2020 Daniil Gentili
Logger:         	Licensed under AGPLv3
Logger:         	https://github.com/danog/MadelineProto
Serialization:  	Got exclusive session lock!
SessionPaths:   	Waiting for shared lock of /home/pokermahdi/public_html/erf/dl.madeline.safe.php.lock...
SessionPaths:   	Got shared lock of /home/pokermahdi/public_html/erf/dl.madeline.safe.php.lock...
MTProto:        	Prompting final serialization (SHUTDOWN)...
MTProto:        	Done final serialization (SHUTDOWN)!
API:            	Shutting down MadelineProto (danog\MadelineProto\API)
API:            	Prompting final serialization...
SessionPaths:   	Waiting for exclusive lock of /home/pokermahdi/public_html/erf/dl.madeline.safe.php.lock...
SessionPaths:   	Got exclusive lock of /home/pokermahdi/public_html/erf/dl.madeline.safe.php.lock...
APIWrapper:     	Saved session!
API:            	Done final serialization!
Serialization:  	Unlocking exclusive session lock!
Serialization:  	Unlocked exclusive session lock!
[02-May-2021 14:21:25 Asia/tehran] Enabled PHP logging
[02-May-2021 14:21:25 Asia/tehran] Enabled PHP logging
Logger:         	MadelineProto
Logger:         	Copyright (C) 2016-2020 Daniil Gentili
Logger:         	Licensed under AGPLv3
Logger:         	https://github.com/danog/MadelineProto
Serialization:  	Got exclusive session lock!
SessionPaths:   	Waiting for shared lock of /home/pokermahdi/public_html/erf/dl.madeline.safe.php.lock...
SessionPaths:   	Got shared lock of /home/pokermahdi/public_html/erf/dl.madeline.safe.php.lock...
[02-May-2021 14:21:25 Asia/tehran] Enabled PHP logging
TL:             	Loading TL schemes...
TL:             	Parsing TL_telegram_v121.tl...
TL:             	Parsing TL_mtproto_v1.tl...
TL:             	CRC32 mismatch (29c1636d, 73f1f8dc) for msg_container#73f1f8dc messages:vector<%Message> = MessageContainer;
TL:             	Parsing TL_secret.tl...
MTProto:        	Filling database cache. This can take few minutes.
MTProto:        	Cache filled.
TL:             	Loading TL schemes...
TL:             	Parsing TL_telegram_v121.tl...
TL:             	Parsing TL_mtproto_v1.tl...
TL:             	CRC32 mismatch (29c1636d, 73f1f8dc) for msg_container#73f1f8dc messages:vector<%Message> = MessageContainer;
TL:             	Parsing TL_secret.tl...
DataCenter:     	Connecting to DC 2 from scratch
DataCenterConnection: 	Trying shared connection via tcp://149.154.167.51:443 main DC 2, via ipv4 using AbridgedStream => BufferedRawStream => DefaultStream (-1)
Connection:     	Connecting to DC 2.0
Session:        	Resetting session in DC 2.0...
Connection:     	Connected to DC 2.0!
DataCenterConnection: 	Restoring 0 messages to DC 2
DataCenter:     	OK!
MTProto:        	Initing authorization...
MTProto:        	Initing authorization DC 2...
AuthKeyHandler: 	Generating permanent authorization key for DC 2...
AuthKeyHandler: 	Requesting pq...
ResponseHandler: 	Trying to assign a response of type ResPQ to its request...
ResponseHandler: 	Does the request of return type ResPQ match?
ResponseHandler: 	Yes
AuthKeyHandler: 	Factorizing with auto_single
AuthKeyHandler: 	Factorization 2139525672003900601 = 1275523157 * 1677371093
AuthKeyHandler: 	Starting Diffie Hellman key exchange
ResponseHandler: 	Trying to assign a response of type Server_DH_Params to its request...
ResponseHandler: 	Does the request of return type Server_DH_Params match?
ResponseHandler: 	Yes
AuthKeyHandler: 	Server-client time delta = 0.0 s
Crypt:          	Executing p/g checks (1/2)...
Crypt:          	Executing p/g checks (2/2)...
Crypt:          	Executing g check...
Crypt:          	Executing g_a check (1/2)...
Crypt:          	Executing g_a check (2/2)...
AuthKeyHandler: 	Generating b...
AuthKeyHandler: 	Generating g_b...
Crypt:          	Executing g_a check (1/2)...
Crypt:          	Executing g_a check (2/2)...
AuthKeyHandler: 	Executing g_b check...
AuthKeyHandler: 	Preparing client_DH_inner_data...
AuthKeyHandler: 	Executing set_client_DH_params...
ResponseHandler: 	Trying to assign a response of type Set_client_DH_params_answer to its request...
ResponseHandler: 	Does the request of return type Set_client_DH_params_answer match?
ResponseHandler: 	Yes
AuthKeyHandler: 	Generating authorization key...
AuthKeyHandler: 	Diffie Hellman key exchange processed successfully!
AuthKeyHandler: 	Auth key generated
AuthKeyHandler: 	Generating temporary authorization key for DC 2...
AuthKeyHandler: 	Requesting pq...
ResponseHandler: 	Trying to assign a response of type ResPQ to its request...
ResponseHandler: 	Does the request of return type ResPQ match?
ResponseHandler: 	Yes
AuthKeyHandler: 	Factorizing with auto_single
AuthKeyHandler: 	Factorization 2810231669577384187 = 1547523293 * 1815954359
AuthKeyHandler: 	Starting Diffie Hellman key exchange
ResponseHandler: 	Trying to assign a response of type Server_DH_Params to its request...
ResponseHandler: 	Does the request of return type Server_DH_Params match?
ResponseHandler: 	Yes
AuthKeyHandler: 	Server-client time delta = 0.0 s
Crypt:          	Executing p/g checks (1/2)...
Crypt:          	Executing p/g checks (2/2)...
Crypt:          	Executing g check...
Crypt:          	Executing g_a check (1/2)...
Crypt:          	Executing g_a check (2/2)...
AuthKeyHandler: 	Generating b...
AuthKeyHandler: 	Generating g_b...
Crypt:          	Executing g_a check (1/2)...
Crypt:          	Executing g_a check (2/2)...
AuthKeyHandler: 	Executing g_b check...
AuthKeyHandler: 	Preparing client_DH_inner_data...
AuthKeyHandler: 	Executing set_client_DH_params...
ResponseHandler: 	Trying to assign a response of type Set_client_DH_params_answer to its request...
ResponseHandler: 	Does the request of return type Set_client_DH_params_answer match?
ResponseHandler: 	Yes
AuthKeyHandler: 	Generating authorization key...
AuthKeyHandler: 	Diffie Hellman key exchange processed successfully!
AuthKeyHandler: 	Auth key generated
AuthKeyHandler: 	Binding authorization keys...
MsgIdHandler64: 	Given message id (6957628348304086017) is bigger than or equal to the current limit (6957628348304053249). Consider syncing your date.
AuthKeyHandler: 	Bound temporary and permanent authorization keys, DC 2
WriteLoop:      	Writing client info (also executing help.getConfig)...
MTProto:        	Done initing authorization DC 2
MTProto:        	Got new DC options, reconnecting
DataCenter:     	Disconnecting all before reconnect!
DataCenterConnection: 	Disconnecting from shared DC 2
Connection:     	Disconnecting from DC 2.0
DataCenterConnection: 	Backed up  from DC 2.0
Connection:     	Disconnected from DC 2.0
DataCenterConnection: 	Backed up 0, added to 0 existing messages) from DC 2
DataCenter:     	Reconnecting to DC 2 (-1) from existing
DataCenterConnection: 	Trying shared connection via tcp://149.154.167.51:443 main DC 2, via ipv4 using AbridgedStream => BufferedRawStream => DefaultStream (-1)
Connection:     	Connecting to DC 2.0
Session:        	Resetting session in DC 2.0...
DataCenter:     	Connecting to DC 1 from scratch
DataCenterConnection: 	Trying shared connection via tcp://149.154.175.54:443 main DC 1, via ipv4 using AbridgedStream => BufferedRawStream => DefaultStream (-1)
Connection:     	Connecting to DC 1.0
Session:        	Resetting session in DC 1.0...
DataCenter:     	Connecting to DC 2_media from scratch
DataCenterConnection: 	Trying shared connection via tcp://149.154.167.151:443 main DC 2_media, via ipv4 using AbridgedStream => BufferedRawStream => DefaultStream (-1)
Connection:     	Connecting to DC 2_media.0
Session:        	Resetting session in DC 2_media.0...
DataCenter:     	Connecting to DC 3 from scratch
DataCenterConnection: 	Trying shared connection via tcp://149.154.175.100:443 main DC 3, via ipv4 using AbridgedStream => BufferedRawStream => DefaultStream (-1)
Connection:     	Connecting to DC 3.0
Session:        	Resetting session in DC 3.0...
DataCenter:     	Connecting to DC 4 from scratch
DataCenterConnection: 	Trying shared connection via tcp://149.154.167.92:443 main DC 4, via ipv4 using AbridgedStream => BufferedRawStream => DefaultStream (-1)
Connection:     	Connecting to DC 4.0
Session:        	Resetting session in DC 4.0...
DataCenter:     	Connecting to DC 4_media from scratch
DataCenterConnection: 	Trying shared connection via tcp://149.154.165.96:443 main DC 4_media, via ipv4 using AbridgedStream => BufferedRawStream => DefaultStream (-1)
Connection:     	Connecting to DC 4_media.0
Session:        	Resetting session in DC 4_media.0...
DataCenter:     	Connecting to DC 5 from scratch
DataCenterConnection: 	Trying shared connection via tcp://91.108.56.119:443 main DC 5, via ipv4 using AbridgedStream => BufferedRawStream => DefaultStream (-1)
Connection:     	Connecting to DC 5.0
Session:        	Resetting session in DC 5.0...
Connection:     	Connected to DC 2.0!
DataCenterConnection: 	Restoring 0 messages to DC 2
DataCenter:     	OK!
Connection:     	Connected to DC 2_media.0!
Connection:     	Connecting to DC 2_media.1
Session:        	Resetting session in DC 2_media.1...
Connection:     	Connected to DC 4.0!
DataCenterConnection: 	Restoring 0 messages to DC 4
DataCenter:     	OK!
Connection:     	Connected to DC 4_media.0!
Connection:     	Connecting to DC 4_media.1
Session:        	Resetting session in DC 4_media.1...
Connection:     	Connected to DC 2_media.1!
Connection:     	Connecting to DC 2_media.2
Session:        	Resetting session in DC 2_media.2...
Connection:     	Connected to DC 4_media.1!
Connection:     	Connecting to DC 4_media.2
Session:        	Resetting session in DC 4_media.2...
Connection:     	Connected to DC 2_media.2!
Connection:     	Connecting to DC 2_media.3
Session:        	Resetting session in DC 2_media.3...
Connection:     	Connected to DC 4_media.2!
Connection:     	Connecting to DC 4_media.3
Session:        	Resetting session in DC 4_media.3...
Connection:     	Connected to DC 2_media.3!
Connection:     	Connecting to DC 2_media.4
Session:        	Resetting session in DC 2_media.4...
Connection:     	Connected to DC 4_media.3!
Connection:     	Connecting to DC 4_media.4
Session:        	Resetting session in DC 4_media.4...
Connection:     	Connected to DC 2_media.4!
DataCenterConnection: 	Restoring 0 messages to DC 2_media
DataCenter:     	OK!
Connection:     	Connected to DC 4_media.4!
DataCenterConnection: 	Restoring 0 messages to DC 4_media
DataCenter:     	OK!
Connection:     	Connected to DC 1.0!
DataCenterConnection: 	Restoring 0 messages to DC 1
DataCenter:     	OK!
Connection:     	Connected to DC 3.0!
DataCenterConnection: 	Restoring 0 messages to DC 3
DataCenter:     	OK!
Connection:     	Connected to DC 5.0!
DataCenterConnection: 	Restoring 0 messages to DC 5
DataCenter:     	OK!
MTProto:        	Initing authorization...
MTProto:        	Initing authorization DC 2...
MTProto:        	Done initing authorization DC 2
MTProto:        	Initing authorization DC 1...
AuthKeyHandler: 	Generating permanent authorization key for DC 1...
AuthKeyHandler: 	Requesting pq...
MTProto:        	Initing authorization DC 3...
AuthKeyHandler: 	Generating permanent authorization key for DC 3...
AuthKeyHandler: 	Requesting pq...
MTProto:        	Initing authorization DC 4...
AuthKeyHandler: 	Generating permanent authorization key for DC 4...
AuthKeyHandler: 	Requesting pq...
MTProto:        	Initing authorization DC 5...
AuthKeyHandler: 	Generating permanent authorization key for DC 5...
AuthKeyHandler: 	Requesting pq...
ResponseHandler: 	Trying to assign a response of type ResPQ to its request...
ResponseHandler: 	Does the request of return type ResPQ match?
ResponseHandler: 	Yes
AuthKeyHandler: 	Factorizing with auto_single
AuthKeyHandler: 	Factorization 2726607323246165837 = 1624678351 * 1678244387
AuthKeyHandler: 	Starting Diffie Hellman key exchange
ResponseHandler: 	Trying to assign a response of type ResPQ to its request...
ResponseHandler: 	Does the request of return type ResPQ match?
ResponseHandler: 	Yes
ResponseHandler: 	Trying to assign a response of type ResPQ to its request...
ResponseHandler: 	Does the request of return type ResPQ match?
ResponseHandler: 	Yes
AuthKeyHandler: 	Factorizing with auto_single
AuthKeyHandler: 	Factorization 2568883742627997503 = 1436395237 * 1788424019
AuthKeyHandler: 	Starting Diffie Hellman key exchange
AuthKeyHandler: 	Factorizing with auto_single
AuthKeyHandler: 	Factorization 2198422161249042991 = 1337353487 * 1643860193
AuthKeyHandler: 	Starting Diffie Hellman key exchange
ResponseHandler: 	Trying to assign a response of type ResPQ to its request...
ResponseHandler: 	Does the request of return type ResPQ match?
ResponseHandler: 	Yes
ResponseHandler: 	Trying to assign a response of type Server_DH_Params to its request...
ResponseHandler: 	Does the request of return type Server_DH_Params match?
ResponseHandler: 	Yes
AuthKeyHandler: 	Factorizing with auto_single
AuthKeyHandler: 	Factorization 1957285765414289561 = 1169435017 * 1673702033
AuthKeyHandler: 	Starting Diffie Hellman key exchange
AuthKeyHandler: 	Server-client time delta = 0.0 s
Crypt:          	Executing p/g checks (1/2)...
Crypt:          	Executing p/g checks (2/2)...
Crypt:          	Executing g check...
Crypt:          	Executing g_a check (1/2)...
Crypt:          	Executing g_a check (2/2)...
AuthKeyHandler: 	Generating b...
AuthKeyHandler: 	Generating g_b...
Crypt:          	Executing g_a check (1/2)...
Crypt:          	Executing g_a check (2/2)...
AuthKeyHandler: 	Executing g_b check...
AuthKeyHandler: 	Preparing client_DH_inner_data...
AuthKeyHandler: 	Executing set_client_DH_params...
ResponseHandler: 	Trying to assign a response of type Server_DH_Params to its request...
ResponseHandler: 	Does the request of return type Server_DH_Params match?
ResponseHandler: 	Yes
AuthKeyHandler: 	Server-client time delta = 0.0 s
Crypt:          	Executing p/g checks (1/2)...
Crypt:          	Executing p/g checks (2/2)...
Crypt:          	Executing g check...
Crypt:          	Executing g_a check (1/2)...
Crypt:          	Executing g_a check (2/2)...
AuthKeyHandler: 	Generating b...
AuthKeyHandler: 	Generating g_b...
Crypt:          	Executing g_a check (1/2)...
Crypt:          	Executing g_a check (2/2)...
AuthKeyHandler: 	Executing g_b check...
AuthKeyHandler: 	Preparing client_DH_inner_data...
AuthKeyHandler: 	Executing set_client_DH_params...
ResponseHandler: 	Trying to assign a response of type Server_DH_Params to its request...
ResponseHandler: 	Does the request of return type Server_DH_Params match?
ResponseHandler: 	Yes
AuthKeyHandler: 	Server-client time delta = 0.0 s
Crypt:          	Executing p/g checks (1/2)...
Crypt:          	Executing p/g checks (2/2)...
Crypt:          	Executing g check...
Crypt:          	Executing g_a check (1/2)...
Crypt:          	Executing g_a check (2/2)...
AuthKeyHandler: 	Generating b...
AuthKeyHandler: 	Generating g_b...
Crypt:          	Executing g_a check (1/2)...
Crypt:          	Executing g_a check (2/2)...
AuthKeyHandler: 	Executing g_b check...
AuthKeyHandler: 	Preparing client_DH_inner_data...
AuthKeyHandler: 	Executing set_client_DH_params...
ResponseHandler: 	Trying to assign a response of type Set_client_DH_params_answer to its request...
ResponseHandler: 	Does the request of return type Set_client_DH_params_answer match?
ResponseHandler: 	Yes
AuthKeyHandler: 	Generating authorization key...
AuthKeyHandler: 	Diffie Hellman key exchange processed successfully!
AuthKeyHandler: 	Auth key generated
AuthKeyHandler: 	Generating temporary authorization key for DC 4...
AuthKeyHandler: 	Requesting pq...
ResponseHandler: 	Trying to assign a response of type ResPQ to its request...
ResponseHandler: 	Does the request of return type ResPQ match?
ResponseHandler: 	Yes
AuthKeyHandler: 	Factorizing with auto_single
AuthKeyHandler: 	Factorization 3468436001728990181 = 1734978599 * 1999123219
AuthKeyHandler: 	Starting Diffie Hellman key exchange
ResponseHandler: 	Trying to assign a response of type Server_DH_Params to its request...
ResponseHandler: 	Does the request of return type Server_DH_Params match?
ResponseHandler: 	Yes
AuthKeyHandler: 	Server-client time delta = 0.0 s
Crypt:          	Executing p/g checks (1/2)...
Crypt:          	Executing p/g checks (2/2)...
Crypt:          	Executing g check...
Crypt:          	Executing g_a check (1/2)...
Crypt:          	Executing g_a check (2/2)...
AuthKeyHandler: 	Generating b...
AuthKeyHandler: 	Generating g_b...
Crypt:          	Executing g_a check (1/2)...
Crypt:          	Executing g_a check (2/2)...
AuthKeyHandler: 	Executing g_b check...
AuthKeyHandler: 	Preparing client_DH_inner_data...
AuthKeyHandler: 	Executing set_client_DH_params...
ResponseHandler: 	Trying to assign a response of type Server_DH_Params to its request...
ResponseHandler: 	Does the request of return type Server_DH_Params match?
ResponseHandler: 	Yes
AuthKeyHandler: 	Server-client time delta = 0.0 s
Crypt:          	Executing p/g checks (1/2)...
Crypt:          	Executing p/g checks (2/2)...
Crypt:          	Executing g check...
Crypt:          	Executing g_a check (1/2)...
Crypt:          	Executing g_a check (2/2)...
AuthKeyHandler: 	Generating b...
AuthKeyHandler: 	Generating g_b...
Crypt:          	Executing g_a check (1/2)...
Crypt:          	Executing g_a check (2/2)...
AuthKeyHandler: 	Executing g_b check...
AuthKeyHandler: 	Preparing client_DH_inner_data...
AuthKeyHandler: 	Executing set_client_DH_params...
ResponseHandler: 	Trying to assign a response of type Set_client_DH_params_answer to its request...
ResponseHandler: 	Does the request of return type Set_client_DH_params_answer match?
ResponseHandler: 	Yes
AuthKeyHandler: 	Generating authorization key...
AuthKeyHandler: 	Diffie Hellman key exchange processed successfully!
AuthKeyHandler: 	Auth key generated
AuthKeyHandler: 	Generating temporary authorization key for DC 1...
AuthKeyHandler: 	Requesting pq...
ResponseHandler: 	Trying to assign a response of type Set_client_DH_params_answer to its request...
ResponseHandler: 	Does the request of return type Set_client_DH_params_answer match?
ResponseHandler: 	Yes
AuthKeyHandler: 	Generating authorization key...
AuthKeyHandler: 	Diffie Hellman key exchange processed successfully!
AuthKeyHandler: 	Auth key generated
AuthKeyHandler: 	Binding authorization keys...
ResponseHandler: 	Trying to assign a response of type Set_client_DH_params_answer to its request...
ResponseHandler: 	Does the request of return type Set_client_DH_params_answer match?
ResponseHandler: 	Yes
AuthKeyHandler: 	Generating authorization key...
AuthKeyHandler: 	Diffie Hellman key exchange processed successfully!
AuthKeyHandler: 	Auth key generated
AuthKeyHandler: 	Generating temporary authorization key for DC 3...
AuthKeyHandler: 	Requesting pq...
MsgIdHandler64: 	Given message id (6957628356372811777) is bigger than or equal to the current limit (6957628356372789249). Consider syncing your date.
AuthKeyHandler: 	Bound temporary and permanent authorization keys, DC 4
WriteLoop:      	Writing client info (also executing help.getConfig)...
MTProto:        	Done initing authorization DC 4
ResponseHandler: 	Trying to assign a response of type ResPQ to its request...
ResponseHandler: 	Does the request of return type ResPQ match?
ResponseHandler: 	Yes
AuthKeyHandler: 	Factorizing with auto_single
AuthKeyHandler: 	Factorization 2970351441136761901 = 1520203697 * 1953916733
AuthKeyHandler: 	Starting Diffie Hellman key exchange
ResponseHandler: 	Trying to assign a response of type Set_client_DH_params_answer to its request...
ResponseHandler: 	Does the request of return type Set_client_DH_params_answer match?
ResponseHandler: 	Yes
ResponseHandler: 	Trying to assign a response of type ResPQ to its request...
ResponseHandler: 	Does the request of return type ResPQ match?
ResponseHandler: 	Yes
AuthKeyHandler: 	Generating authorization key...
AuthKeyHandler: 	Diffie Hellman key exchange processed successfully!
AuthKeyHandler: 	Auth key generated
AuthKeyHandler: 	Generating temporary authorization key for DC 5...
AuthKeyHandler: 	Requesting pq...
AuthKeyHandler: 	Factorizing with auto_single
AuthKeyHandler: 	Factorization 2612702868388797323 = 1436366759 * 1818966397
AuthKeyHandler: 	Starting Diffie Hellman key exchange
ResponseHandler: 	Trying to assign a response of type Server_DH_Params to its request...
ResponseHandler: 	Does the request of return type Server_DH_Params match?
ResponseHandler: 	Yes
AuthKeyHandler: 	Server-client time delta = 0.0 s
Crypt:          	Executing p/g checks (1/2)...
Crypt:          	Executing p/g checks (2/2)...
Crypt:          	Executing g check...
Crypt:          	Executing g_a check (1/2)...
Crypt:          	Executing g_a check (2/2)...
AuthKeyHandler: 	Generating b...
AuthKeyHandler: 	Generating g_b...
Crypt:          	Executing g_a check (1/2)...
Crypt:          	Executing g_a check (2/2)...
AuthKeyHandler: 	Executing g_b check...
AuthKeyHandler: 	Preparing client_DH_inner_data...
AuthKeyHandler: 	Executing set_client_DH_params...
ResponseHandler: 	Trying to assign a response of type Server_DH_Params to its request...
ResponseHandler: 	Does the request of return type Server_DH_Params match?
ResponseHandler: 	Yes
AuthKeyHandler: 	Server-client time delta = 0.0 s
Crypt:          	Executing p/g checks (1/2)...
Crypt:          	Executing p/g checks (2/2)...
Crypt:          	Executing g check...
Crypt:          	Executing g_a check (1/2)...
Crypt:          	Executing g_a check (2/2)...
AuthKeyHandler: 	Generating b...
AuthKeyHandler: 	Generating g_b...
Crypt:          	Executing g_a check (1/2)...
Crypt:          	Executing g_a check (2/2)...
AuthKeyHandler: 	Executing g_b check...
AuthKeyHandler: 	Preparing client_DH_inner_data...
AuthKeyHandler: 	Executing set_client_DH_params...
ResponseHandler: 	Trying to assign a response of type ResPQ to its request...
ResponseHandler: 	Does the request of return type ResPQ match?
ResponseHandler: 	Yes
AuthKeyHandler: 	Factorizing with auto_single
AuthKeyHandler: 	Factorization 1767315680634055193 = 1052305333 * 1679470421
AuthKeyHandler: 	Starting Diffie Hellman key exchange
ResponseHandler: 	Trying to assign a response of type Set_client_DH_params_answer to its request...
ResponseHandler: 	Does the request of return type Set_client_DH_params_answer match?
ResponseHandler: 	Yes
AuthKeyHandler: 	Generating authorization key...
AuthKeyHandler: 	Diffie Hellman key exchange processed successfully!
AuthKeyHandler: 	Auth key generated
AuthKeyHandler: 	Binding authorization keys...
ResponseHandler: 	Trying to assign a response of type Set_client_DH_params_answer to its request...
ResponseHandler: 	Does the request of return type Set_client_DH_params_answer match?
ResponseHandler: 	Yes
AuthKeyHandler: 	Generating authorization key...
AuthKeyHandler: 	Diffie Hellman key exchange processed successfully!
AuthKeyHandler: 	Auth key generated
AuthKeyHandler: 	Binding authorization keys...
MsgIdHandler64: 	Given message id (6957628362054708225) is bigger than or equal to the current limit (6957628362054681601). Consider syncing your date.
AuthKeyHandler: 	Bound temporary and permanent authorization keys, DC 1
WriteLoop:      	Writing client info (also executing help.getConfig)...
ResponseHandler: 	Trying to assign a response of type Server_DH_Params to its request...
ResponseHandler: 	Does the request of return type Server_DH_Params match?
ResponseHandler: 	Yes
AuthKeyHandler: 	Server-client time delta = -1.0 s
Crypt:          	Executing p/g checks (1/2)...
Crypt:          	Executing p/g checks (2/2)...
Crypt:          	Executing g check...
Crypt:          	Executing g_a check (1/2)...
Crypt:          	Executing g_a check (2/2)...
AuthKeyHandler: 	Generating b...
AuthKeyHandler: 	Generating g_b...
Crypt:          	Executing g_a check (1/2)...
Crypt:          	Executing g_a check (2/2)...
AuthKeyHandler: 	Executing g_b check...
AuthKeyHandler: 	Preparing client_DH_inner_data...
AuthKeyHandler: 	Executing set_client_DH_params...
MsgIdHandler64: 	Given message id (6957628362860363777) is bigger than or equal to the current limit (6957628362860349441). Consider syncing your date.
AuthKeyHandler: 	Bound temporary and permanent authorization keys, DC 3
WriteLoop:      	Writing client info (also executing help.getConfig)...
MTProto:        	Done initing authorization DC 1
ResponseHandler: 	Trying to assign a response of type Set_client_DH_params_answer to its request...
ResponseHandler: 	Does the request of return type Set_client_DH_params_answer match?
ResponseHandler: 	Yes
AuthKeyHandler: 	Generating authorization key...
AuthKeyHandler: 	Diffie Hellman key exchange processed successfully!
AuthKeyHandler: 	Auth key generated
AuthKeyHandler: 	Binding authorization keys...
MTProto:        	Done initing authorization DC 3
MsgIdHandler64: 	Given message id (6957628365464315905) is bigger than or equal to the current limit (6957628365464285185). Consider syncing your date.
AuthKeyHandler: 	Bound temporary and permanent authorization keys, DC 5
WriteLoop:      	Writing client info (also executing help.getConfig)...
MTProto:        	Done initing authorization DC 5
MTProto:        	Initing authorization DC 2_media...
AuthKeyHandler: 	Generating temporary authorization key for DC 2_media...
AuthKeyHandler: 	Requesting pq...
ResponseHandler: 	Trying to assign a response of type ResPQ to its request...
ResponseHandler: 	Does the request of return type ResPQ match?
ResponseHandler: 	Yes
AuthKeyHandler: 	Factorizing with auto_single
AuthKeyHandler: 	Factorization 1902203573557360999 = 1376544887 * 1381868177
AuthKeyHandler: 	Starting Diffie Hellman key exchange
ResponseHandler: 	Trying to assign a response of type Server_DH_Params to its request...
ResponseHandler: 	Does the request of return type Server_DH_Params match?
ResponseHandler: 	Yes
AuthKeyHandler: 	Server-client time delta = 0.0 s
Crypt:          	Executing p/g checks (1/2)...
Crypt:          	Executing p/g checks (2/2)...
Crypt:          	Executing g check...
Crypt:          	Executing g_a check (1/2)...
Crypt:          	Executing g_a check (2/2)...
AuthKeyHandler: 	Generating b...
AuthKeyHandler: 	Generating g_b...
Crypt:          	Executing g_a check (1/2)...
Crypt:          	Executing g_a check (2/2)...
AuthKeyHandler: 	Executing g_b check...
AuthKeyHandler: 	Preparing client_DH_inner_data...
AuthKeyHandler: 	Executing set_client_DH_params...
ResponseHandler: 	Trying to assign a response of type Set_client_DH_params_answer to its request...
ResponseHandler: 	Does the request of return type Set_client_DH_params_answer match?
ResponseHandler: 	Yes
AuthKeyHandler: 	Generating authorization key...
AuthKeyHandler: 	Diffie Hellman key exchange processed successfully!
AuthKeyHandler: 	Auth key generated
AuthKeyHandler: 	Binding authorization keys...
MsgIdHandler64: 	Given message id (6957628369838742529) is bigger than or equal to the current limit (6957628369838733313). Consider syncing your date.
AuthKeyHandler: 	Bound temporary and permanent authorization keys, DC 2_media
WriteLoop:      	Writing client info (also executing help.getConfig)...
MTProto:        	Done initing authorization DC 2_media
MTProto:        	Initing authorization DC 4_media...
AuthKeyHandler: 	Generating temporary authorization key for DC 4_media...
AuthKeyHandler: 	Requesting pq...
ResponseHandler: 	Trying to assign a response of type ResPQ to its request...
ResponseHandler: 	Does the request of return type ResPQ match?
ResponseHandler: 	Yes
AuthKeyHandler: 	Factorizing with auto_single
AuthKeyHandler: 	Factorization 1502118408302256253 = 1032191003 * 1455271751
AuthKeyHandler: 	Starting Diffie Hellman key exchange
ResponseHandler: 	Trying to assign a response of type Server_DH_Params to its request...
ResponseHandler: 	Does the request of return type Server_DH_Params match?
ResponseHandler: 	Yes
AuthKeyHandler: 	Server-client time delta = 0.0 s
Crypt:          	Executing p/g checks (1/2)...
Crypt:          	Executing p/g checks (2/2)...
Crypt:          	Executing g check...
Crypt:          	Executing g_a check (1/2)...
Crypt:          	Executing g_a check (2/2)...
AuthKeyHandler: 	Generating b...
AuthKeyHandler: 	Generating g_b...
Crypt:          	Executing g_a check (1/2)...
Crypt:          	Executing g_a check (2/2)...
AuthKeyHandler: 	Executing g_b check...
AuthKeyHandler: 	Preparing client_DH_inner_data...
AuthKeyHandler: 	Executing set_client_DH_params...
ResponseHandler: 	Trying to assign a response of type Set_client_DH_params_answer to its request...
ResponseHandler: 	Does the request of return type Set_client_DH_params_answer match?
ResponseHandler: 	Yes
AuthKeyHandler: 	Generating authorization key...
AuthKeyHandler: 	Diffie Hellman key exchange processed successfully!
AuthKeyHandler: 	Auth key generated
AuthKeyHandler: 	Binding authorization keys...
MsgIdHandler64: 	Given message id (6957628372608695297) is bigger than or equal to the current limit (6957628372608691201). Consider syncing your date.
AuthKeyHandler: 	Bound temporary and permanent authorization keys, DC 4_media
WriteLoop:      	Writing client info (also executing help.getConfig)...
MTProto:        	Done initing authorization DC 4_media
DataCenter:     	Reconnecting to DC 2 (-1) from existing
DataCenterConnection: 	Trying shared connection via tcp://149.154.167.51:443 main DC 2, via ipv4 using AbridgedStream => BufferedRawStream => DefaultStream (-1)
DataCenterConnection: 	Already connected!
DataCenter:     	OK!
MTProto:        	Not reconnecting to DC 1 (-1)
MTProto:        	Not reconnecting to DC 2_media (-1)
MTProto:        	Not reconnecting to DC 3 (-1)
MTProto:        	Not reconnecting to DC 4 (-1)
MTProto:        	Not reconnecting to DC 4_media (-1)
MTProto:        	Not reconnecting to DC 5 (-1)
MTProto:        	Initing authorization...
MTProto:        	Initing authorization DC 2...
MTProto:        	Done initing authorization DC 2
MTProto:        	Initing authorization DC 1...
MTProto:        	Done initing authorization DC 1
MTProto:        	Initing authorization DC 3...
MTProto:        	Done initing authorization DC 3
MTProto:        	Initing authorization DC 4...
MTProto:        	Done initing authorization DC 4
MTProto:        	Initing authorization DC 5...
MTProto:        	Done initing authorization DC 5
MTProto:        	Initing authorization DC 2_media...
MTProto:        	Done initing authorization DC 2_media
MTProto:        	Initing authorization DC 4_media...
MTProto:        	Done initing authorization DC 4_media
MTProto:        	Not fetching phone config
DataCenter:     	Reconnecting to DC 2 (-1) from existing
DataCenterConnection: 	Trying shared connection via tcp://149.154.167.51:443 main DC 2, via ipv4 using AbridgedStream => BufferedRawStream => DefaultStream (-1)
DataCenterConnection: 	Already connected!
DataCenter:     	OK!
MTProto:        	Not reconnecting to DC 1 (-1)
MTProto:        	Not reconnecting to DC 2_media (-1)
MTProto:        	Not reconnecting to DC 3 (-1)
MTProto:        	Not reconnecting to DC 4 (-1)
MTProto:        	Not reconnecting to DC 4_media (-1)
MTProto:        	Not reconnecting to DC 5 (-1)
MTProto:        	Initing authorization...
MTProto:        	Initing authorization DC 2...
MTProto:        	Done initing authorization DC 2
MTProto:        	Initing authorization DC 1...
MTProto:        	Done initing authorization DC 1
MTProto:        	Initing authorization DC 3...
MTProto:        	Done initing authorization DC 3
MTProto:        	Initing authorization DC 4...
MTProto:        	Done initing authorization DC 4
MTProto:        	Initing authorization DC 5...
MTProto:        	Done initing authorization DC 5
MTProto:        	Initing authorization DC 2_media...
MTProto:        	Done initing authorization DC 2_media
MTProto:        	Initing authorization DC 4_media...
MTProto:        	Done initing authorization DC 4_media
MTProto:        	Not fetching phone config
MTProto:        	Not fetching phone config
MsgIdHandler64: 	Given message id (6957628373148794881) is bigger than or equal to the current limit (6957628373148777473). Consider syncing your date.
MTProto:        	We're in IR, nearest DC is 4.
MTProto:        	Starting update system
API:            	MadelineProto is ready!
MTProto:        	Prompting final serialization (SHUTDOWN)...
SessionPaths:   	Waiting for exclusive lock of /home/pokermahdi/public_html/erf/dl.madeline.safe.php.lock...
SessionPaths:   	Got exclusive lock of /home/pokermahdi/public_html/erf/dl.madeline.safe.php.lock...
SessionPaths:   	Waiting for exclusive lock of /home/pokermahdi/public_html/erf/dl.madeline.lightState.php.lock...
SessionPaths:   	Got exclusive lock of /home/pokermahdi/public_html/erf/dl.madeline.lightState.php.lock...
APIWrapper:     	Saved session!
MTProto:        	Done final serialization (SHUTDOWN)!
API:            	Shutting down MadelineProto (danog\MadelineProto\API)
MTProto:        	Will unreference instance
UpdateLoop:     	Exiting getUpdate loop generic due to signal
DataCenterConnection: 	Disconnecting from shared DC 2
Connection:     	Disconnecting from DC 2.0
DataCenterConnection: 	Backed up  from DC 2.0
Connection:     	Disconnected from DC 2.0
DataCenterConnection: 	Backed up 0, added to 0 existing messages) from DC 2
DataCenterConnection: 	Disconnecting from shared DC 1
Connection:     	Disconnecting from DC 1.0
DataCenterConnection: 	Backed up  from DC 1.0
Connection:     	Disconnected from DC 1.0
DataCenterConnection: 	Backed up 0, added to 0 existing messages) from DC 1
DataCenterConnection: 	Disconnecting from shared DC 2_media
Connection:     	Disconnecting from DC 2_media.0
DataCenterConnection: 	Backed up  from DC 2_media.0
Connection:     	Disconnected from DC 2_media.0
Connection:     	Disconnecting from DC 2_media.1
DataCenterConnection: 	Backed up  from DC 2_media.1
Connection:     	Disconnected from DC 2_media.1
Connection:     	Disconnecting from DC 2_media.2
DataCenterConnection: 	Backed up  from DC 2_media.2
Connection:     	Disconnected from DC 2_media.2
Connection:     	Disconnecting from DC 2_media.3
DataCenterConnection: 	Backed up  from DC 2_media.3
Connection:     	Disconnected from DC 2_media.3
Connection:     	Disconnecting from DC 2_media.4
DataCenterConnection: 	Backed up  from DC 2_media.4
Connection:     	Disconnected from DC 2_media.4
DataCenterConnection: 	Backed up 0, added to 0 existing messages) from DC 2_media
DataCenterConnection: 	Disconnecting from shared DC 3
Connection:     	Disconnecting from DC 3.0
DataCenterConnection: 	Backed up  from DC 3.0
Connection:     	Disconnected from DC 3.0
DataCenterConnection: 	Backed up 0, added to 0 existing messages) from DC 3
DataCenterConnection: 	Disconnecting from shared DC 4
Connection:     	Disconnecting from DC 4.0
DataCenterConnection: 	Backed up  from DC 4.0
Connection:     	Disconnected from DC 4.0
DataCenterConnection: 	Backed up 0, added to 0 existing messages) from DC 4
DataCenterConnection: 	Disconnecting from shared DC 4_media
Connection:     	Disconnecting from DC 4_media.0
DataCenterConnection: 	Backed up  from DC 4_media.0
Connection:     	Disconnected from DC 4_media.0
Connection:     	Disconnecting from DC 4_media.1
DataCenterConnection: 	Backed up  from DC 4_media.1
Connection:     	Disconnected from DC 4_media.1
Connection:     	Disconnecting from DC 4_media.2
DataCenterConnection: 	Backed up  from DC 4_media.2
Connection:     	Disconnected from DC 4_media.2
Connection:     	Disconnecting from DC 4_media.3
DataCenterConnection: 	Backed up  from DC 4_media.3
Connection:     	Disconnected from DC 4_media.3
Connection:     	Disconnecting from DC 4_media.4
DataCenterConnection: 	Backed up  from DC 4_media.4
Connection:     	Disconnected from DC 4_media.4
DataCenterConnection: 	Backed up 0, added to 0 existing messages) from DC 4_media
DataCenterConnection: 	Disconnecting from shared DC 5
Connection:     	Disconnecting from DC 5.0
DataCenterConnection: 	Backed up  from DC 5.0
Connection:     	Disconnected from DC 5.0
DataCenterConnection: 	Backed up 0, added to 0 existing messages) from DC 5
MTProto:        	Unreferenced instance
Serialization:  	Unlocking exclusive session lock!
Serialization:  	Unlocked exclusive session lock!
MTProto:        	Shutting down MadelineProto (MTProto)
MTProto:        	Will unreference instance
DataCenterConnection: 	Disconnecting from shared DC 2
DataCenterConnection: 	Backed up 0, added to 0 existing messages) from DC 2
DataCenterConnection: 	Disconnecting from shared DC 1
DataCenterConnection: 	Backed up 0, added to 0 existing messages) from DC 1
DataCenterConnection: 	Disconnecting from shared DC 2_media
DataCenterConnection: 	Backed up 0, added to 0 existing messages) from DC 2_media
DataCenterConnection: 	Disconnecting from shared DC 3
DataCenterConnection: 	Backed up 0, added to 0 existing messages) from DC 3
DataCenterConnection: 	Disconnecting from shared DC 4
DataCenterConnection: 	Backed up 0, added to 0 existing messages) from DC 4
DataCenterConnection: 	Disconnecting from shared DC 4_media
DataCenterConnection: 	Backed up 0, added to 0 existing messages) from DC 4_media
DataCenterConnection: 	Disconnecting from shared DC 5
DataCenterConnection: 	Backed up 0, added to 0 existing messages) from DC 5
MTProto:        	Unreferenced instance
MTProto:        	Successfully destroyed MadelineProto
[02-May-2021 14:21:38 Asia/tehran] Enabled PHP logging
[02-May-2021 14:21:38 Asia/tehran] Enabled PHP logging
Logger:         	MadelineProto
Logger:         	Copyright (C) 2016-2020 Daniil Gentili
Logger:         	Licensed under AGPLv3
Logger:         	https://github.com/danog/MadelineProto
SessionPaths:   	Waiting for shared lock of /home/pokermahdi/public_html/erf/dl.madeline.lightState.php.lock...
SessionPaths:   	Got shared lock of /home/pokermahdi/public_html/erf/dl.madeline.lightState.php.lock...
Server:         	Starting IPC server /home/pokermahdi/public_html/erf/dl.madeline (process)
ProcessRunner:  	Starting process with '/usr/local/bin/php' -dhtml_errors=0 -ddisplay_errors=0 -dlog_errors=1 /home/pokermahdi/public_html/erf/madeline.php madeline-ipc '/home/pokermahdi/public_html/erf/dl.madeline' 1072174902
Serialization:  	Trying to connect to IPC socket...
Serialization:  	The endpoint does not exist! while connecting to IPC socket
[02-May-2021 09:51:39 UTC] Enabled PHP logging
Logger:         	MadelineProto
Logger:         	Copyright (C) 2016-2020 Daniil Gentili
Logger:         	Licensed under AGPLv3
Logger:         	https://github.com/danog/MadelineProto
SessionPaths:   	Waiting for shared lock of /home/pokermahdi/public_html/erf/dl.madeline.lightState.php.lock...
SessionPaths:   	Got shared lock of /home/pokermahdi/public_html/erf/dl.madeline.lightState.php.lock...
Serialization:  	Got exclusive session lock!
SessionPaths:   	Waiting for shared lock of /home/pokermahdi/public_html/erf/dl.madeline.safe.php.lock...
SessionPaths:   	Got shared lock of /home/pokermahdi/public_html/erf/dl.madeline.safe.php.lock...
[02-May-2021 09:51:39 UTC] Enabled PHP logging
[02-May-2021 09:51:39 UTC] Enabled PHP logging
MTProto:        	Filling database cache. This can take few minutes.
MTProto:        	Cache filled.
DataCenter:     	Disconnecting all before reconnect!
DataCenterConnection: 	Disconnecting from shared DC 
DataCenterConnection: 	Backed up 0, added to 0 existing messages) from DC 
DataCenter:     	Disconnecting all before reconnect!
DataCenterConnection: 	Disconnecting from shared DC 
DataCenterConnection: 	Backed up 0, added to 0 existing messages) from DC 
DataCenter:     	Disconnecting all before reconnect!
DataCenterConnection: 	Disconnecting from shared DC 
DataCenterConnection: 	Backed up 0, added to 0 existing messages) from DC 
DataCenter:     	Disconnecting all before reconnect!
DataCenterConnection: 	Disconnecting from shared DC 
DataCenterConnection: 	Backed up 0, added to 0 existing messages) from DC 
DataCenter:     	Disconnecting all before reconnect!
DataCenterConnection: 	Disconnecting from shared DC 
DataCenterConnection: 	Backed up 0, added to 0 existing messages) from DC 
DataCenter:     	Disconnecting all before reconnect!
DataCenterConnection: 	Disconnecting from shared DC 
DataCenterConnection: 	Backed up 0, added to 0 existing messages) from DC 
DataCenter:     	Disconnecting all before reconnect!
DataCenterConnection: 	Disconnecting from shared DC 
DataCenterConnection: 	Backed up 0, added to 0 existing messages) from DC 
DataCenter:     	Reconnecting to DC 2 (-1) from existing
DataCenterConnection: 	Trying shared connection via tcp://149.154.167.51:443 main DC 2, via ipv4 using AbridgedStream => BufferedRawStream => DefaultStream (-1)
Connection:     	Connecting to DC 2.0
Session:        	Resetting session in DC 2.0...
DataCenter:     	Reconnecting to DC 1 (-1) from existing
DataCenterConnection: 	Trying shared connection via tcp://149.154.175.54:443 main DC 1, via ipv4 using AbridgedStream => BufferedRawStream => DefaultStream (-1)
Connection:     	Connecting to DC 1.0
Session:        	Resetting session in DC 1.0...
DataCenter:     	Reconnecting to DC 2_media (-1) from existing
DataCenterConnection: 	Trying shared connection via tcp://149.154.167.151:443 main DC 2_media, via ipv4 using AbridgedStream => BufferedRawStream => DefaultStream (-1)
Connection:     	Connecting to DC 2_media.0
Session:        	Resetting session in DC 2_media.0...
DataCenter:     	Reconnecting to DC 3 (-1) from existing
DataCenterConnection: 	Trying shared connection via tcp://149.154.175.100:443 main DC 3, via ipv4 using AbridgedStream => BufferedRawStream => DefaultStream (-1)
Connection:     	Connecting to DC 3.0
Session:        	Resetting session in DC 3.0...
DataCenter:     	Reconnecting to DC 4 (-1) from existing
DataCenterConnection: 	Trying shared connection via tcp://149.154.167.92:443 main DC 4, via ipv4 using AbridgedStream => BufferedRawStream => DefaultStream (-1)
Connection:     	Connecting to DC 4.0
Session:        	Resetting session in DC 4.0...
DataCenter:     	Reconnecting to DC 4_media (-1) from existing
DataCenterConnection: 	Trying shared connection via tcp://149.154.165.96:443 main DC 4_media, via ipv4 using AbridgedStream => BufferedRawStream => DefaultStream (-1)
Connection:     	Connecting to DC 4_media.0
Session:        	Resetting session in DC 4_media.0...
DataCenter:     	Reconnecting to DC 5 (-1) from existing
DataCenterConnection: 	Trying shared connection via tcp://91.108.56.119:443 main DC 5, via ipv4 using AbridgedStream => BufferedRawStream => DefaultStream (-1)
Connection:     	Connecting to DC 5.0
Session:        	Resetting session in DC 5.0...
Connection:     	Connected to DC 2.0!
DataCenterConnection: 	Restoring 0 messages to DC 2
DataCenter:     	OK!
Connection:     	Connected to DC 2_media.0!
Connection:     	Connecting to DC 2_media.1
Session:        	Resetting session in DC 2_media.1...
Connection:     	Connected to DC 4.0!
DataCenterConnection: 	Restoring 0 messages to DC 4
DataCenter:     	OK!
Connection:     	Connected to DC 4_media.0!
Connection:     	Connecting to DC 4_media.1
Session:        	Resetting session in DC 4_media.1...
ReadLoop:       	danog\MadelineProto\NothingInTheSocketException in phar:///home/pokermahdi/public_html/erf/madeline-74.phar/vendor/danog/madelineproto/src/danog/MadelineProto/Stream/Common/BufferedRawStream.php:178
Stack trace:
#0 [internal function]: danog\MadelineProto\Stream\Common\BufferedRawStream->bufferReadGenerator(1)
#1 phar:///home/pokermahdi/public_html/erf/madeline-74.phar/vendor/danog/madelineproto/src/danog/MadelineProto/Coroutine.php(115): Generator->send(NULL)
#2 phar:///home/pokermahdi/public_html/erf/madeline-74.phar/vendor/amphp/amp/lib/Internal/Placeholder.php(125): danog\MadelineProto\Coroutine->danog\MadelineProto\{closure}(NULL, NULL)
#3 phar:///home/pokermahdi/public_html/erf/madeline-74.phar/vendor/amphp/amp/lib/Deferred.php(48): class@anonymous->resolve(NULL)
#4 phar:///home/pokermahdi/public_html/erf/madeline-74.phar/vendor/amphp/byte-stream/lib/ResourceInputStream.php(76): Amp\Deferred->resolve(NULL)
#5 phar:///home/pokermahdi/public_html/erf/madeline-74.phar/vendor/amphp/amp/lib/Loop/NativeDriver.php(259): Amp\ByteStream\ResourceInputStream::Amp\ByteStream\{closure}('au', Resource id #589, NULL)
#6 phar:///home/pokermahdi/public_html/erf/madeline-74.phar/vendor/amphp/amp/lib/Loop/NativeDriver.php(97): Amp\Loop\NativeDriver->selectStreams(Array, Array, 0.952)
#7 phar:///home/pokermahdi/public_html/erf/madeline-74.phar/vendor/amphp/amp/lib/Loop/Driver.php(117): Amp\Loop\NativeDriver->dispatch(true)
#8 phar:///home/pokermahdi/public_html/erf/madeline-74.phar/vendor/amphp/amp/lib/Loop/Driver.php(61): Amp\Loop\Driver->tick()
#9 phar:///home/pokermahdi/public_html/erf/madeline-74.phar/vendor/amphp/amp/lib/Loop.php(87): Amp\Loop\Driver->run()
#10 phar:///home/pokermahdi/public_html/erf/madeline-74.phar/vendor/danog/madelineproto/src/danog/MadelineProto/Tools.php(313): Amp\Loop::run(Object(Closure))
#11 phar:///home/pokermahdi/public_html/erf/madeline-74.phar/vendor/danog/madelineproto/src/danog/MadelineProto/Async/AsyncConstruct.php(47): danog\MadelineProto\Tools::wait(Object(danog\MadelineProto\Coroutine))
#12 phar:///home/pokermahdi/public_html/erf/madeline-74.phar/vendor/danog/madelineproto/src/danog/MadelineProto/Ipc/Runner/entry.php(94): danog\MadelineProto\Async\AsyncConstruct->init()
#13 phar:///home/pokermahdi/public_html/erf/madeline-74.phar/vendor/danog/madelineproto/src/danog/MadelineProto/Ipc/Runner/entry.php(120): {closure}()
#14 phar:///home/pokermahdi/public_html/erf/madeline-74.phar/vendor/composer/autoload_real.php(69): require('phar:///home/po...')
#15 phar:///home/pokermahdi/public_html/erf/madeline-74.phar/vendor/composer/autoload_real.php(59): composerRequire641700ac17c95dd5bc1645588572347f('efa978c9bd4884d...', 'phar:///home/po...')
#16 phar:///home/pokermahdi/public_html/erf/madeline-74.phar/vendor/autoload.php(7): ComposerAutoloaderInit641700ac17c95dd5bc1645588572347f::getLoader()
#17 /home/pokermahdi/public_html/erf/madeline-74.phar(16): require_once('phar:///home/po...')
#18 /home/pokermahdi/public_html/erf/madeline.php(170): require_once('/home/pokermahd...')
#19 {main}
ReadLoop:       	Got nothing in the socket in DC 4.0, reconnecting...
Connection:     	Reconnecting DC 4.0
Connection:     	Disconnecting from DC 4.0
Connection:     	Disconnected from DC 4.0
DataCenter:     	Reconnecting to DC 4 (0) from existing
DataCenterConnection: 	Trying shared connection via tcp://149.154.167.92:443 main DC 4, via ipv4 using AbridgedStream => BufferedRawStream => DefaultStream (0)
Connection:     	Connecting to DC 4.0
Connection:     	Connected to DC 2_media.1!
Connection:     	Connecting to DC 2_media.2
Session:        	Resetting session in DC 2_media.2...
Connection:     	Connected to DC 4_media.1!
Connection:     	Connecting to DC 4_media.2
Session:        	Resetting session in DC 4_media.2...
Connection:     	Connected to DC 2_media.2!
Connection:     	Connecting to DC 2_media.3
Session:        	Resetting session in DC 2_media.3...
Connection:     	Connected to DC 4.0!
DataCenter:     	OK!
Connection:     	Connected to DC 4_media.2!
Connection:     	Connecting to DC 4_media.3
Session:        	Resetting session in DC 4_media.3...
Connection:     	Connected to DC 2_media.3!
Connection:     	Connecting to DC 2_media.4
Session:        	Resetting session in DC 2_media.4...
Connection:     	Connected to DC 4_media.3!
Connection:     	Connecting to DC 4_media.4
Session:        	Resetting session in DC 4_media.4...
Connection:     	Connected to DC 2_media.4!
DataCenterConnection: 	Restoring 0 messages to DC 2_media
DataCenter:     	OK!
Connection:     	Connected to DC 4_media.4!
DataCenterConnection: 	Restoring 0 messages to DC 4_media
DataCenter:     	OK!
Connection:     	Connected to DC 1.0!
DataCenterConnection: 	Restoring 0 messages to DC 1
DataCenter:     	OK!
Connection:     	Connected to DC 3.0!
DataCenterConnection: 	Restoring 0 messages to DC 3
DataCenter:     	OK!
Serialization:  	Trying to connect to IPC socket...
Serialization:  	The endpoint does not exist! while connecting to IPC socket
Connection:     	Connected to DC 5.0!
DataCenterConnection: 	Restoring 0 messages to DC 5
DataCenter:     	OK!
MTProto:        	Initing authorization...
MTProto:        	Initing authorization DC 2...
MTProto:        	Done initing authorization DC 2
MTProto:        	Initing authorization DC 1...
MTProto:        	Done initing authorization DC 1
MTProto:        	Initing authorization DC 3...
MTProto:        	Done initing authorization DC 3
MTProto:        	Initing authorization DC 4...
MTProto:        	Done initing authorization DC 4
MTProto:        	Initing authorization DC 5...
MTProto:        	Done initing authorization DC 5
MTProto:        	Initing authorization DC 2_media...
MTProto:        	Done initing authorization DC 2_media
MTProto:        	Initing authorization DC 4_media...
MTProto:        	Done initing authorization DC 4_media
DataCenter:     	Reconnecting to DC 2 (-1) from existing
DataCenterConnection: 	Trying shared connection via tcp://149.154.167.51:443 main DC 2, via ipv4 using AbridgedStream => BufferedRawStream => DefaultStream (-1)
DataCenterConnection: 	Already connected!
DataCenter:     	OK!
DataCenter:     	Reconnecting to DC 1 (-1) from existing
DataCenterConnection: 	Trying shared connection via tcp://149.154.175.54:443 main DC 1, via ipv4 using AbridgedStream => BufferedRawStream => DefaultStream (-1)
DataCenterConnection: 	Already connected!
DataCenter:     	OK!
DataCenter:     	Reconnecting to DC 2_media (-1) from existing
DataCenterConnection: 	Trying shared connection via tcp://149.154.167.151:443 main DC 2_media, via ipv4 using AbridgedStream => BufferedRawStream => DefaultStream (-1)
DataCenterConnection: 	Already connected!
DataCenter:     	OK!
DataCenter:     	Reconnecting to DC 3 (-1) from existing
DataCenterConnection: 	Trying shared connection via tcp://149.154.175.100:443 main DC 3, via ipv4 using AbridgedStream => BufferedRawStream => DefaultStream (-1)
DataCenterConnection: 	Already connected!
DataCenter:     	OK!
DataCenter:     	Reconnecting to DC 4 (-1) from existing
DataCenterConnection: 	Trying shared connection via tcp://149.154.167.92:443 main DC 4, via ipv4 using AbridgedStream => BufferedRawStream => DefaultStream (-1)
DataCenterConnection: 	Already connected!
DataCenter:     	OK!
DataCenter:     	Reconnecting to DC 4_media (-1) from existing
DataCenterConnection: 	Trying shared connection via tcp://149.154.165.96:443 main DC 4_media, via ipv4 using AbridgedStream => BufferedRawStream => DefaultStream (-1)
DataCenterConnection: 	Already connected!
DataCenter:     	OK!
DataCenter:     	Reconnecting to DC 5 (-1) from existing
DataCenterConnection: 	Trying shared connection via tcp://91.108.56.119:443 main DC 5, via ipv4 using AbridgedStream => BufferedRawStream => DefaultStream (-1)
DataCenterConnection: 	Already connected!
DataCenter:     	OK!
MTProto:        	Initing authorization...
MTProto:        	Initing authorization DC 2...
MTProto:        	Done initing authorization DC 2
MTProto:        	Initing authorization DC 1...
MTProto:        	Done initing authorization DC 1
MTProto:        	Initing authorization DC 3...
MTProto:        	Done initing authorization DC 3
MTProto:        	Initing authorization DC 4...
MTProto:        	Done initing authorization DC 4
MTProto:        	Initing authorization DC 5...
MTProto:        	Done initing authorization DC 5
MTProto:        	Initing authorization DC 2_media...
MTProto:        	Done initing authorization DC 2_media
MTProto:        	Initing authorization DC 4_media...
MTProto:        	Done initing authorization DC 4_media
MTProto:        	Not fetching phone config
MTProto:        	Not fetching phone config
MsgIdHandler64: 	Given message id (6957628404087226369) is bigger than or equal to the current limit (6957628404087209985). Consider syncing your date.
MTProto:        	Initing authorization...
MTProto:        	Initing authorization DC 2...
MTProto:        	Done initing authorization DC 2
MTProto:        	Initing authorization DC 1...
MTProto:        	Done initing authorization DC 1
MTProto:        	Initing authorization DC 3...
MTProto:        	Done initing authorization DC 3
MTProto:        	Initing authorization DC 4...
MTProto:        	Done initing authorization DC 4
MTProto:        	Initing authorization DC 5...
MTProto:        	Done initing authorization DC 5
MTProto:        	Initing authorization DC 2_media...
MTProto:        	Done initing authorization DC 2_media
MTProto:        	Initing authorization DC 4_media...
MTProto:        	Done initing authorization DC 4_media
AckHandler:     	Could not find users.getUsers with message ID 6957628401389666304 in new_outgoing!
MTProto:        	AUTH_KEY_UNREGISTERED
MTProto:        	Starting update system
API:            	MadelineProto is ready!
Loop:           	Will self-restart
Loop:           	Adding restart callback!
Loop:           	Added restart callback with ID restarter!
Loop:           	Done webhost init process!
SessionPaths:   	Waiting for exclusive lock of /home/pokermahdi/public_html/erf/dl.madeline.ipcState.php.lock...
SessionPaths:   	Got exclusive lock of /home/pokermahdi/public_html/erf/dl.madeline.ipcState.php.lock...
SessionPaths:   	Waiting for shared lock of /home/pokermahdi/public_html/erf/dl.madeline.ipcState.php.lock...
SessionPaths:   	Got shared lock of /home/pokermahdi/public_html/erf/dl.madeline.ipcState.php.lock...
Server:         	IPC server started successfully!
Serialization:  	Trying to connect to IPC socket...
MTProto:        	Accepted IPC client connection!
Serialization:  	Connected to IPC socket!
[02-May-2021 14:21:40 Asia/tehran] Enabled PHP logging
API:            	Shutting down MadelineProto (danog\MadelineProto\API)
API:            	Prompting final serialization...
API:            	Done final serialization!
Logger:         	MadelineProto
Logger:         	Copyright (C) 2016-2020 Daniil Gentili
Logger:         	Licensed under AGPLv3
Logger:         	https://github.com/danog/MadelineProto
Serialization:  	It seems like the session is busy.
Serialization:  	Telegram does not support starting multiple instances of the same session, make sure no other instance of the session is running.
GarbageCollector: 	gc_collect_cycles done. Cleaned memory: 1 Mb
Serialization:  	Still waiting for exclusive session lock...
Magic:          	Got sigterm
MTProto:        	Prompting final serialization (SHUTDOWN)...
SessionPaths:   	Waiting for exclusive lock of /home/pokermahdi/public_html/erf/dl.madeline.safe.php.lock...
SessionPaths:   	Got exclusive lock of /home/pokermahdi/public_html/erf/dl.madeline.safe.php.lock...
SessionPaths:   	Waiting for exclusive lock of /home/pokermahdi/public_html/erf/dl.madeline.lightState.php.lock...
SessionPaths:   	Got exclusive lock of /home/pokermahdi/public_html/erf/dl.madeline.lightState.php.lock...
APIWrapper:     	Saved session!
MTProto:        	Done final serialization (SHUTDOWN)!
Loop:           	Connecting to tcp://poker-mahdi.farahost.xyz:80
Loop:           	Sending self-restart payload
Loop:           	GET /erf/madeline.php?argv%5B0%5D=madeline-ipc&argv%5B1%5D=%2Fhome%2Fpokermahdi%2Fpublic_html%2Ferf%2Fdl.madeline&argv%5B2%5D=1072174902&cwd=%2Fhome%2Fpokermahdi%2Fpublic_html%2Ferf&MadelineSelfRestart=2091271487589739223 HTTP/1.1
Host: poker-mahdi.farahost.xyz


Loop:           	Payload sent with token 2091271487589739223, waiting for self-restart
Loop:           	Shutdown of self-restart callback
API:            	Shutting down MadelineProto (danog\MadelineProto\API)
MTProto:        	Will unreference instance
UpdateLoop:     	Exiting getUpdate loop generic due to signal
DataCenterConnection: 	Disconnecting from shared DC 2
Connection:     	Disconnecting from DC 2.0
DataCenterConnection: 	Backed up  from DC 2.0
Connection:     	Disconnected from DC 2.0
DataCenterConnection: 	Backed up 0, added to 0 existing messages) from DC 2
DataCenterConnection: 	Disconnecting from shared DC 1
Connection:     	Disconnecting from DC 1.0
DataCenterConnection: 	Backed up  from DC 1.0
Connection:     	Disconnected from DC 1.0
DataCenterConnection: 	Backed up 0, added to 0 existing messages) from DC 1
DataCenterConnection: 	Disconnecting from shared DC 2_media
Connection:     	Disconnecting from DC 2_media.0
DataCenterConnection: 	Backed up  from DC 2_media.0
Connection:     	Disconnected from DC 2_media.0
Connection:     	Disconnecting from DC 2_media.1
DataCenterConnection: 	Backed up  from DC 2_media.1
Connection:     	Disconnected from DC 2_media.1
Connection:     	Disconnecting from DC 2_media.2
DataCenterConnection: 	Backed up  from DC 2_media.2
Connection:     	Disconnected from DC 2_media.2
Connection:     	Disconnecting from DC 2_media.3
DataCenterConnection: 	Backed up  from DC 2_media.3
Connection:     	Disconnected from DC 2_media.3
Connection:     	Disconnecting from DC 2_media.4
DataCenterConnection: 	Backed up  from DC 2_media.4
Connection:     	Disconnected from DC 2_media.4
DataCenterConnection: 	Backed up 0, added to 0 existing messages) from DC 2_media
DataCenterConnection: 	Disconnecting from shared DC 3
Connection:     	Disconnecting from DC 3.0
DataCenterConnection: 	Backed up  from DC 3.0
Connection:     	Disconnected from DC 3.0
DataCenterConnection: 	Backed up 0, added to 0 existing messages) from DC 3
DataCenterConnection: 	Disconnecting from shared DC 4
Connection:     	Disconnecting from DC 4.0
DataCenterConnection: 	Backed up  from DC 4.0
Connection:     	Disconnected from DC 4.0
DataCenterConnection: 	Backed up 0, added to 0 existing messages) from DC 4
DataCenterConnection: 	Disconnecting from shared DC 4_media
Connection:     	Disconnecting from DC 4_media.0
DataCenterConnection: 	Backed up  from DC 4_media.0
Connection:     	Disconnected from DC 4_media.0
Connection:     	Disconnecting from DC 4_media.1
DataCenterConnection: 	Backed up  from DC 4_media.1
Connection:     	Disconnected from DC 4_media.1
Connection:     	Disconnecting from DC 4_media.2
DataCenterConnection: 	Backed up  from DC 4_media.2
Connection:     	Disconnected from DC 4_media.2
Connection:     	Disconnecting from DC 4_media.3
DataCenterConnection: 	Backed up  from DC 4_media.3
Connection:     	Disconnected from DC 4_media.3
Connection:     	Disconnecting from DC 4_media.4
DataCenterConnection: 	Backed up  from DC 4_media.4
Connection:     	Disconnected from DC 4_media.4
DataCenterConnection: 	Backed up 0, added to 0 existing messages) from DC 4_media
DataCenterConnection: 	Disconnecting from shared DC 5
Connection:     	Disconnecting from DC 5.0
DataCenterConnection: 	Backed up  from DC 5.0
Connection:     	Disconnected from DC 5.0
DataCenterConnection: 	Backed up 0, added to 0 existing messages) from DC 5
MTProto:        	Unreferenced instance
Serialization:  	Unlocking exclusive session lock!
Serialization:  	Unlocked exclusive session lock!
MTProto:        	Shutting down MadelineProto (MTProto)
MTProto:        	Will unreference instance
DataCenterConnection: 	Disconnecting from shared DC 2
DataCenterConnection: 	Backed up 0, added to 0 existing messages) from DC 2
DataCenterConnection: 	Disconnecting from shared DC 1
DataCenterConnection: 	Backed up 0, added to 0 existing messages) from DC 1
DataCenterConnection: 	Disconnecting from shared DC 2_media
DataCenterConnection: 	Backed up 0, added to 0 existing messages) from DC 2_media
DataCenterConnection: 	Disconnecting from shared DC 3
DataCenterConnection: 	Backed up 0, added to 0 existing messages) from DC 3
DataCenterConnection: 	Disconnecting from shared DC 4
DataCenterConnection: 	Backed up 0, added to 0 existing messages) from DC 4
DataCenterConnection: 	Disconnecting from shared DC 4_media
DataCenterConnection: 	Backed up 0, added to 0 existing messages) from DC 4_media
DataCenterConnection: 	Disconnecting from shared DC 5
DataCenterConnection: 	Backed up 0, added to 0 existing messages) from DC 5
MTProto:        	Unreferenced instance
MTProto:        	Successfully destroyed MadelineProto
[02-May-2021 09:51:50 UTC] Enabled PHP logging
Logger:         	MadelineProto
Logger:         	Copyright (C) 2016-2020 Daniil Gentili
Logger:         	Licensed under AGPLv3
Logger:         	https://github.com/danog/MadelineProto
SessionPaths:   	Waiting for shared lock of /home/pokermahdi/public_html/erf/dl.madeline.lightState.php.lock...
SessionPaths:   	Got shared lock of /home/pokermahdi/public_html/erf/dl.madeline.lightState.php.lock...
Serialization:  	Got exclusive session lock!
SessionPaths:   	Waiting for shared lock of /home/pokermahdi/public_html/erf/dl.madeline.safe.php.lock...
SessionPaths:   	Got shared lock of /home/pokermahdi/public_html/erf/dl.madeline.safe.php.lock...
[02-May-2021 09:51:50 UTC] Enabled PHP logging
[02-May-2021 09:51:50 UTC] Enabled PHP logging
MTProto:        	Filling database cache. This can take few minutes.
MTProto:        	Cache filled.
DataCenter:     	Disconnecting all before reconnect!
DataCenterConnection: 	Disconnecting from shared DC 
DataCenterConnection: 	Backed up 0, added to 0 existing messages) from DC 
DataCenter:     	Disconnecting all before reconnect!
DataCenterConnection: 	Disconnecting from shared DC 
DataCenterConnection: 	Backed up 0, added to 0 existing messages) from DC 
DataCenter:     	Disconnecting all before reconnect!
DataCenterConnection: 	Disconnecting from shared DC 
DataCenterConnection: 	Backed up 0, added to 0 existing messages) from DC 
DataCenter:     	Disconnecting all before reconnect!
DataCenterConnection: 	Disconnecting from shared DC 
DataCenterConnection: 	Backed up 0, added to 0 existing messages) from DC 
DataCenter:     	Disconnecting all before reconnect!
DataCenterConnection: 	Disconnecting from shared DC 
DataCenterConnection: 	Backed up 0, added to 0 existing messages) from DC 
DataCenter:     	Disconnecting all before reconnect!
DataCenterConnection: 	Disconnecting from shared DC 
DataCenterConnection: 	Backed up 0, added to 0 existing messages) from DC 
DataCenter:     	Disconnecting all before reconnect!
DataCenterConnection: 	Disconnecting from shared DC 
DataCenterConnection: 	Backed up 0, added to 0 existing messages) from DC 
DataCenter:     	Reconnecting to DC 2 (-1) from existing
DataCenterConnection: 	Trying shared connection via tcp://149.154.167.51:443 main DC 2, via ipv4 using AbridgedStream => BufferedRawStream => DefaultStream (-1)
Connection:     	Connecting to DC 2.0
Session:        	Resetting session in DC 2.0...
DataCenter:     	Reconnecting to DC 1 (-1) from existing
DataCenterConnection: 	Trying shared connection via tcp://149.154.175.54:443 main DC 1, via ipv4 using AbridgedStream => BufferedRawStream => DefaultStream (-1)
Connection:     	Connecting to DC 1.0
Session:        	Resetting session in DC 1.0...
DataCenter:     	Reconnecting to DC 2_media (-1) from existing
DataCenterConnection: 	Trying shared connection via tcp://149.154.167.151:443 main DC 2_media, via ipv4 using AbridgedStream => BufferedRawStream => DefaultStream (-1)
Connection:     	Connecting to DC 2_media.0
Session:        	Resetting session in DC 2_media.0...
DataCenter:     	Reconnecting to DC 3 (-1) from existing
DataCenterConnection: 	Trying shared connection via tcp://149.154.175.100:443 main DC 3, via ipv4 using AbridgedStream => BufferedRawStream => DefaultStream (-1)
Connection:     	Connecting to DC 3.0
Session:        	Resetting session in DC 3.0...
DataCenter:     	Reconnecting to DC 4 (-1) from existing
DataCenterConnection: 	Trying shared connection via tcp://149.154.167.92:443 main DC 4, via ipv4 using AbridgedStream => BufferedRawStream => DefaultStream (-1)
Connection:     	Connecting to DC 4.0
Session:        	Resetting session in DC 4.0...
DataCenter:     	Reconnecting to DC 4_media (-1) from existing
DataCenterConnection: 	Trying shared connection via tcp://149.154.165.96:443 main DC 4_media, via ipv4 using AbridgedStream => BufferedRawStream => DefaultStream (-1)
Connection:     	Connecting to DC 4_media.0
Session:        	Resetting session in DC 4_media.0...
DataCenter:     	Reconnecting to DC 5 (-1) from existing
DataCenterConnection: 	Trying shared connection via tcp://91.108.56.119:443 main DC 5, via ipv4 using AbridgedStream => BufferedRawStream => DefaultStream (-1)
Connection:     	Connecting to DC 5.0
Session:        	Resetting session in DC 5.0...
Connection:     	Connected to DC 2_media.0!
Connection:     	Connecting to DC 2_media.1
Session:        	Resetting session in DC 2_media.1...
Connection:     	Connected to DC 2.0!
DataCenterConnection: 	Restoring 0 messages to DC 2
DataCenter:     	OK!
Connection:     	Connected to DC 4.0!
DataCenterConnection: 	Restoring 0 messages to DC 4
DataCenter:     	OK!
Connection:     	Connected to DC 4_media.0!
Connection:     	Connecting to DC 4_media.1
Session:        	Resetting session in DC 4_media.1...
Connection:     	Connected to DC 2_media.1!
Connection:     	Connecting to DC 2_media.2
Session:        	Resetting session in DC 2_media.2...
Connection:     	Connected to DC 4_media.1!
Connection:     	Connecting to DC 4_media.2
Session:        	Resetting session in DC 4_media.2...
Connection:     	Connected to DC 4_media.2!
Connection:     	Connecting to DC 4_media.3
Session:        	Resetting session in DC 4_media.3...
Connection:     	Connected to DC 2_media.2!
Connection:     	Connecting to DC 2_media.3
Session:        	Resetting session in DC 2_media.3...
Connection:     	Connected to DC 2_media.3!
Connection:     	Connecting to DC 2_media.4
Session:        	Resetting session in DC 2_media.4...
Connection:     	Connected to DC 4_media.3!
Connection:     	Connecting to DC 4_media.4
Session:        	Resetting session in DC 4_media.4...
Connection:     	Connected to DC 2_media.4!
DataCenterConnection: 	Restoring 0 messages to DC 2_media
DataCenter:     	OK!
Connection:     	Connected to DC 4_media.4!
DataCenterConnection: 	Restoring 0 messages to DC 4_media
DataCenter:     	OK!
Connection:     	Connected to DC 1.0!
DataCenterConnection: 	Restoring 0 messages to DC 1
DataCenter:     	OK!
Connection:     	Connected to DC 3.0!
DataCenterConnection: 	Restoring 0 messages to DC 3
DataCenter:     	OK!
Serialization:  	Still waiting for exclusive session lock...
Connection:     	Connected to DC 5.0!
DataCenterConnection: 	Restoring 0 messages to DC 5
DataCenter:     	OK!
MTProto:        	Initing authorization...
MTProto:        	Initing authorization DC 2...
MTProto:        	Done initing authorization DC 2
MTProto:        	Initing authorization DC 1...
MTProto:        	Done initing authorization DC 1
MTProto:        	Initing authorization DC 3...
MTProto:        	Done initing authorization DC 3
MTProto:        	Initing authorization DC 4...
MTProto:        	Done initing authorization DC 4
MTProto:        	Initing authorization DC 5...
MTProto:        	Done initing authorization DC 5
MTProto:        	Initing authorization DC 2_media...
MTProto:        	Done initing authorization DC 2_media
MTProto:        	Initing authorization DC 4_media...
MTProto:        	Done initing authorization DC 4_media
DataCenter:     	Reconnecting to DC 2 (-1) from existing
DataCenterConnection: 	Trying shared connection via tcp://149.154.167.51:443 main DC 2, via ipv4 using AbridgedStream => BufferedRawStream => DefaultStream (-1)
DataCenterConnection: 	Already connected!
DataCenter:     	OK!
DataCenter:     	Reconnecting to DC 1 (-1) from existing
DataCenterConnection: 	Trying shared connection via tcp://149.154.175.54:443 main DC 1, via ipv4 using AbridgedStream => BufferedRawStream => DefaultStream (-1)
DataCenterConnection: 	Already connected!
DataCenter:     	OK!
DataCenter:     	Reconnecting to DC 2_media (-1) from existing
DataCenterConnection: 	Trying shared connection via tcp://149.154.167.151:443 main DC 2_media, via ipv4 using AbridgedStream => BufferedRawStream => DefaultStream (-1)
DataCenterConnection: 	Already connected!
DataCenter:     	OK!
DataCenter:     	Reconnecting to DC 3 (-1) from existing
DataCenterConnection: 	Trying shared connection via tcp://149.154.175.100:443 main DC 3, via ipv4 using AbridgedStream => BufferedRawStream => DefaultStream (-1)
DataCenterConnection: 	Already connected!
DataCenter:     	OK!
DataCenter:     	Reconnecting to DC 4 (-1) from existing
DataCenterConnection: 	Trying shared connection via tcp://149.154.167.92:443 main DC 4, via ipv4 using AbridgedStream => BufferedRawStream => DefaultStream (-1)
DataCenterConnection: 	Already connected!
DataCenter:     	OK!
DataCenter:     	Reconnecting to DC 4_media (-1) from existing
DataCenterConnection: 	Trying shared connection via tcp://149.154.165.96:443 main DC 4_media, via ipv4 using AbridgedStream => BufferedRawStream => DefaultStream (-1)
DataCenterConnection: 	Already connected!
DataCenter:     	OK!
DataCenter:     	Reconnecting to DC 5 (-1) from existing
DataCenterConnection: 	Trying shared connection via tcp://91.108.56.119:443 main DC 5, via ipv4 using AbridgedStream => BufferedRawStream => DefaultStream (-1)
DataCenterConnection: 	Already connected!
DataCenter:     	OK!
MTProto:        	Initing authorization...
MTProto:        	Initing authorization DC 2...
MTProto:        	Done initing authorization DC 2
MTProto:        	Initing authorization DC 1...
MTProto:        	Done initing authorization DC 1
MTProto:        	Initing authorization DC 3...
MTProto:        	Done initing authorization DC 3
MTProto:        	Initing authorization DC 4...
MTProto:        	Done initing authorization DC 4
MTProto:        	Initing authorization DC 5...
MTProto:        	Done initing authorization DC 5
MTProto:        	Initing authorization DC 2_media...
MTProto:        	Done initing authorization DC 2_media
MTProto:        	Initing authorization DC 4_media...
MTProto:        	Done initing authorization DC 4_media
MTProto:        	Not fetching phone config
MTProto:        	Not fetching phone config
MsgIdHandler64: 	Given message id (6957628450887222273) is bigger than or equal to the current limit (6957628450887216129). Consider syncing your date.
MTProto:        	Initing authorization...
MTProto:        	Initing authorization DC 2...
MTProto:        	Done initing authorization DC 2
MTProto:        	Initing authorization DC 1...
MTProto:        	Done initing authorization DC 1
MTProto:        	Initing authorization DC 3...
MTProto:        	Done initing authorization DC 3
MTProto:        	Initing authorization DC 4...
MTProto:        	Done initing authorization DC 4
MTProto:        	Initing authorization DC 5...
MTProto:        	Done initing authorization DC 5
MTProto:        	Initing authorization DC 2_media...
MTProto:        	Done initing authorization DC 2_media
MTProto:        	Initing authorization DC 4_media...
MTProto:        	Done initing authorization DC 4_media
AckHandler:     	Could not find users.getUsers with message ID 6957628448634306560 in new_outgoing!
MTProto:        	AUTH_KEY_UNREGISTERED
MTProto:        	Starting update system
API:            	MadelineProto is ready!
Loop:           	Self-restarted, restart token 2091271487589739223
Loop:           	Will self-restart
Loop:           	Adding restart callback!
Loop:           	Added restart callback with ID restarter!
Loop:           	Done webhost init process!
SessionPaths:   	Waiting for exclusive lock of /home/pokermahdi/public_html/erf/dl.madeline.ipcState.php.lock...
SessionPaths:   	Got exclusive lock of /home/pokermahdi/public_html/erf/dl.madeline.ipcState.php.lock...
GarbageCollector: 	gc_collect_cycles done. Cleaned memory: 1 Mb
Serialization:  	Still waiting for exclusive session lock...
Magic:          	Got sigterm
MTProto:        	Prompting final serialization (SHUTDOWN)...
SessionPaths:   	Waiting for exclusive lock of /home/pokermahdi/public_html/erf/dl.madeline.safe.php.lock...
SessionPaths:   	Got exclusive lock of /home/pokermahdi/public_html/erf/dl.madeline.safe.php.lock...
SessionPaths:   	Waiting for exclusive lock of /home/pokermahdi/public_html/erf/dl.madeline.lightState.php.lock...
SessionPaths:   	Got exclusive lock of /home/pokermahdi/public_html/erf/dl.madeline.lightState.php.lock...
APIWrapper:     	Saved session!
MTProto:        	Done final serialization (SHUTDOWN)!
Loop:           	Connecting to tcp://poker-mahdi.farahost.xyz:80
Loop:           	Sending self-restart payload
Loop:           	GET /erf/madeline.php?argv%5B0%5D=madeline-ipc&argv%5B1%5D=%2Fhome%2Fpokermahdi%2Fpublic_html%2Ferf%2Fdl.madeline&argv%5B2%5D=1072174902&cwd=%2Fhome%2Fpokermahdi%2Fpublic_html%2Ferf&MadelineSelfRestart=8170402259399717157 HTTP/1.1
Host: poker-mahdi.farahost.xyz


Loop:           	Payload sent with token 8170402259399717157, waiting for self-restart
Loop:           	Shutdown of self-restart callback
API:            	Shutting down MadelineProto (danog\MadelineProto\API)
MTProto:        	Will unreference instance
UpdateLoop:     	Exiting getUpdate loop generic due to signal
DataCenterConnection: 	Disconnecting from shared DC 2
Connection:     	Disconnecting from DC 2.0
DataCenterConnection: 	Backed up  from DC 2.0
Connection:     	Disconnected from DC 2.0
DataCenterConnection: 	Backed up 0, added to 0 existing messages) from DC 2
DataCenterConnection: 	Disconnecting from shared DC 1
Connection:     	Disconnecting from DC 1.0
DataCenterConnection: 	Backed up  from DC 1.0
Connection:     	Disconnected from DC 1.0
DataCenterConnection: 	Backed up 0, added to 0 existing messages) from DC 1
DataCenterConnection: 	Disconnecting from shared DC 2_media
Connection:     	Disconnecting from DC 2_media.0
DataCenterConnection: 	Backed up  from DC 2_media.0
Connection:     	Disconnected from DC 2_media.0
Connection:     	Disconnecting from DC 2_media.1
DataCenterConnection: 	Backed up  from DC 2_media.1
Connection:     	Disconnected from DC 2_media.1
Connection:     	Disconnecting from DC 2_media.2
DataCenterConnection: 	Backed up  from DC 2_media.2
Connection:     	Disconnected from DC 2_media.2
Connection:     	Disconnecting from DC 2_media.3
DataCenterConnection: 	Backed up  from DC 2_media.3
Connection:     	Disconnected from DC 2_media.3
Connection:     	Disconnecting from DC 2_media.4
DataCenterConnection: 	Backed up  from DC 2_media.4
Connection:     	Disconnected from DC 2_media.4
DataCenterConnection: 	Backed up 0, added to 0 existing messages) from DC 2_media
DataCenterConnection: 	Disconnecting from shared DC 3
Connection:     	Disconnecting from DC 3.0
DataCenterConnection: 	Backed up  from DC 3.0
Connection:     	Disconnected from DC 3.0
DataCenterConnection: 	Backed up 0, added to 0 existing messages) from DC 3
DataCenterConnection: 	Disconnecting from shared DC 4
Connection:     	Disconnecting from DC 4.0
DataCenterConnection: 	Backed up  from DC 4.0
Connection:     	Disconnected from DC 4.0
DataCenterConnection: 	Backed up 0, added to 0 existing messages) from DC 4
DataCenterConnection: 	Disconnecting from shared DC 4_media
Connection:     	Disconnecting from DC 4_media.0
DataCenterConnection: 	Backed up  from DC 4_media.0
Connection:     	Disconnected from DC 4_media.0
Connection:     	Disconnecting from DC 4_media.1
DataCenterConnection: 	Backed up  from DC 4_media.1
Connection:     	Disconnected from DC 4_media.1
Connection:     	Disconnecting from DC 4_media.2
DataCenterConnection: 	Backed up  from DC 4_media.2
Connection:     	Disconnected from DC 4_media.2
Connection:     	Disconnecting from DC 4_media.3
DataCenterConnection: 	Backed up  from DC 4_media.3
Connection:     	Disconnected from DC 4_media.3
Connection:     	Disconnecting from DC 4_media.4
DataCenterConnection: 	Backed up  from DC 4_media.4
Connection:     	Disconnected from DC 4_media.4
DataCenterConnection: 	Backed up 0, added to 0 existing messages) from DC 4_media
DataCenterConnection: 	Disconnecting from shared DC 5
Connection:     	Disconnecting from DC 5.0
DataCenterConnection: 	Backed up  from DC 5.0
Connection:     	Disconnected from DC 5.0
DataCenterConnection: 	Backed up 0, added to 0 existing messages) from DC 5
MTProto:        	Unreferenced instance
Serialization:  	Unlocking exclusive session lock!
Serialization:  	Unlocked exclusive session lock!
MTProto:        	Shutting down MadelineProto (MTProto)
MTProto:        	Will unreference instance
DataCenterConnection: 	Disconnecting from shared DC 2
DataCenterConnection: 	Backed up 0, added to 0 existing messages) from DC 2
DataCenterConnection: 	Disconnecting from shared DC 1
DataCenterConnection: 	Backed up 0, added to 0 existing messages) from DC 1
DataCenterConnection: 	Disconnecting from shared DC 2_media
DataCenterConnection: 	Backed up 0, added to 0 existing messages) from DC 2_media
DataCenterConnection: 	Disconnecting from shared DC 3
DataCenterConnection: 	Backed up 0, added to 0 existing messages) from DC 3
DataCenterConnection: 	Disconnecting from shared DC 4
DataCenterConnection: 	Backed up 0, added to 0 existing messages) from DC 4
DataCenterConnection: 	Disconnecting from shared DC 4_media
DataCenterConnection: 	Backed up 0, added to 0 existing messages) from DC 4_media
DataCenterConnection: 	Disconnecting from shared DC 5
DataCenterConnection: 	Backed up 0, added to 0 existing messages) from DC 5
MTProto:        	Unreferenced instance
MTProto:        	Successfully destroyed MadelineProto
Serialization:  	Still waiting for exclusive session lock...
SessionPaths:   	Waiting for shared lock of /home/pokermahdi/public_html/erf/dl.madeline.lightState.php.lock...
SessionPaths:   	Got shared lock of /home/pokermahdi/public_html/erf/dl.madeline.lightState.php.lock...
Serialization:  	Got exclusive session lock!
SessionPaths:   	Waiting for shared lock of /home/pokermahdi/public_html/erf/dl.madeline.safe.php.lock...
SessionPaths:   	Got shared lock of /home/pokermahdi/public_html/erf/dl.madeline.safe.php.lock...
MTProto:        	Filling database cache. This can take few minutes.
MTProto:        	Cache filled.
DataCenter:     	Disconnecting all before reconnect!
DataCenterConnection: 	Disconnecting from shared DC 
DataCenterConnection: 	Backed up 0, added to 0 existing messages) from DC 
DataCenter:     	Disconnecting all before reconnect!
DataCenterConnection: 	Disconnecting from shared DC 
DataCenterConnection: 	Backed up 0, added to 0 existing messages) from DC 
DataCenter:     	Disconnecting all before reconnect!
DataCenterConnection: 	Disconnecting from shared DC 
DataCenterConnection: 	Backed up 0, added to 0 existing messages) from DC 
DataCenter:     	Disconnecting all before reconnect!
DataCenterConnection: 	Disconnecting from shared DC 
DataCenterConnection: 	Backed up 0, added to 0 existing messages) from DC 
DataCenter:     	Disconnecting all before reconnect!
DataCenterConnection: 	Disconnecting from shared DC 
DataCenterConnection: 	Backed up 0, added to 0 existing messages) from DC 
DataCenter:     	Disconnecting all before reconnect!
DataCenterConnection: 	Disconnecting from shared DC 
DataCenterConnection: 	Backed up 0, added to 0 existing messages) from DC 
DataCenter:     	Disconnecting all before reconnect!
DataCenterConnection: 	Disconnecting from shared DC 
DataCenterConnection: 	Backed up 0, added to 0 existing messages) from DC 
DataCenter:     	Reconnecting to DC 2 (-1) from existing
DataCenterConnection: 	Trying shared connection via tcp://149.154.167.51:443 main DC 2, via ipv4 using AbridgedStream => BufferedRawStream => DefaultStream (-1)
Connection:     	Connecting to DC 2.0
Session:        	Resetting session in DC 2.0...
DataCenter:     	Reconnecting to DC 1 (-1) from existing
DataCenterConnection: 	Trying shared connection via tcp://149.154.175.54:443 main DC 1, via ipv4 using AbridgedStream => BufferedRawStream => DefaultStream (-1)
Connection:     	Connecting to DC 1.0
Session:        	Resetting session in DC 1.0...
DataCenter:     	Reconnecting to DC 2_media (-1) from existing
DataCenterConnection: 	Trying shared connection via tcp://149.154.167.151:443 main DC 2_media, via ipv4 using AbridgedStream => BufferedRawStream => DefaultStream (-1)
Connection:     	Connecting to DC 2_media.0
Session:        	Resetting session in DC 2_media.0...
DataCenter:     	Reconnecting to DC 3 (-1) from existing
DataCenterConnection: 	Trying shared connection via tcp://149.154.175.100:443 main DC 3, via ipv4 using AbridgedStream => BufferedRawStream => DefaultStream (-1)
Connection:     	Connecting to DC 3.0
Session:        	Resetting session in DC 3.0...
DataCenter:     	Reconnecting to DC 4 (-1) from existing
DataCenterConnection: 	Trying shared connection via tcp://149.154.167.92:443 main DC 4, via ipv4 using AbridgedStream => BufferedRawStream => DefaultStream (-1)
Connection:     	Connecting to DC 4.0
Session:        	Resetting session in DC 4.0...
DataCenter:     	Reconnecting to DC 4_media (-1) from existing
DataCenterConnection: 	Trying shared connection via tcp://149.154.165.96:443 main DC 4_media, via ipv4 using AbridgedStream => BufferedRawStream => DefaultStream (-1)
Connection:     	Connecting to DC 4_media.0
Session:        	Resetting session in DC 4_media.0...
DataCenter:     	Reconnecting to DC 5 (-1) from existing
DataCenterConnection: 	Trying shared connection via tcp://91.108.56.119:443 main DC 5, via ipv4 using AbridgedStream => BufferedRawStream => DefaultStream (-1)
Connection:     	Connecting to DC 5.0
Session:        	Resetting session in DC 5.0...
Connection:     	Connected to DC 2.0!
DataCenterConnection: 	Restoring 0 messages to DC 2
DataCenter:     	OK!
Connection:     	Connected to DC 4.0!
DataCenterConnection: 	Restoring 0 messages to DC 4
DataCenter:     	OK!
Connection:     	Connected to DC 2_media.0!
Connection:     	Connecting to DC 2_media.1
Session:        	Resetting session in DC 2_media.1...
Connection:     	Connected to DC 4_media.0!
Connection:     	Connecting to DC 4_media.1
Session:        	Resetting session in DC 4_media.1...
Connection:     	Connected to DC 2_media.1!
Connection:     	Connecting to DC 2_media.2
Session:        	Resetting session in DC 2_media.2...
Connection:     	Connected to DC 4_media.1!
Connection:     	Connecting to DC 4_media.2
Session:        	Resetting session in DC 4_media.2...
Connection:     	Connected to DC 2_media.2!
Connection:     	Connecting to DC 2_media.3
Session:        	Resetting session in DC 2_media.3...
Connection:     	Connected to DC 4_media.2!
Connection:     	Connecting to DC 4_media.3
Session:        	Resetting session in DC 4_media.3...
Connection:     	Connected to DC 2_media.3!
Connection:     	Connecting to DC 2_media.4
Session:        	Resetting session in DC 2_media.4...
Connection:     	Connected to DC 4_media.3!
Connection:     	Connecting to DC 4_media.4
Session:        	Resetting session in DC 4_media.4...
Connection:     	Connected to DC 2_media.4!
DataCenterConnection: 	Restoring 0 messages to DC 2_media
DataCenter:     	OK!
Connection:     	Connected to DC 4_media.4!
DataCenterConnection: 	Restoring 0 messages to DC 4_media
DataCenter:     	OK!
Connection:     	Connected to DC 1.0!
DataCenterConnection: 	Restoring 0 messages to DC 1
DataCenter:     	OK!
Connection:     	Connected to DC 3.0!
DataCenterConnection: 	Restoring 0 messages to DC 3
DataCenter:     	OK!
Connection:     	Connected to DC 5.0!
DataCenterConnection: 	Restoring 0 messages to DC 5
DataCenter:     	OK!
MTProto:        	Initing authorization...
MTProto:        	Initing authorization DC 2...
MTProto:        	Done initing authorization DC 2
MTProto:        	Initing authorization DC 1...
MTProto:        	Done initing authorization DC 1
MTProto:        	Initing authorization DC 3...
MTProto:        	Done initing authorization DC 3
MTProto:        	Initing authorization DC 4...
MTProto:        	Done initing authorization DC 4
MTProto:        	Initing authorization DC 5...
MTProto:        	Done initing authorization DC 5
MTProto:        	Initing authorization DC 2_media...
MTProto:        	Done initing authorization DC 2_media
MTProto:        	Initing authorization DC 4_media...
MTProto:        	Done initing authorization DC 4_media
DataCenter:     	Reconnecting to DC 2 (-1) from existing
DataCenterConnection: 	Trying shared connection via tcp://149.154.167.51:443 main DC 2, via ipv4 using AbridgedStream => BufferedRawStream => DefaultStream (-1)
DataCenterConnection: 	Already connected!
DataCenter:     	OK!
DataCenter:     	Reconnecting to DC 1 (-1) from existing
DataCenterConnection: 	Trying shared connection via tcp://149.154.175.54:443 main DC 1, via ipv4 using AbridgedStream => BufferedRawStream => DefaultStream (-1)
DataCenterConnection: 	Already connected!
DataCenter:     	OK!
DataCenter:     	Reconnecting to DC 2_media (-1) from existing
DataCenterConnection: 	Trying shared connection via tcp://149.154.167.151:443 main DC 2_media, via ipv4 using AbridgedStream => BufferedRawStream => DefaultStream (-1)
DataCenterConnection: 	Already connected!
DataCenter:     	OK!
DataCenter:     	Reconnecting to DC 3 (-1) from existing
DataCenterConnection: 	Trying shared connection via tcp://149.154.175.100:443 main DC 3, via ipv4 using AbridgedStream => BufferedRawStream => DefaultStream (-1)
DataCenterConnection: 	Already connected!
DataCenter:     	OK!
DataCenter:     	Reconnecting to DC 4 (-1) from existing
DataCenterConnection: 	Trying shared connection via tcp://149.154.167.92:443 main DC 4, via ipv4 using AbridgedStream => BufferedRawStream => DefaultStream (-1)
DataCenterConnection: 	Already connected!
DataCenter:     	OK!
DataCenter:     	Reconnecting to DC 4_media (-1) from existing
DataCenterConnection: 	Trying shared connection via tcp://149.154.165.96:443 main DC 4_media, via ipv4 using AbridgedStream => BufferedRawStream => DefaultStream (-1)
DataCenterConnection: 	Already connected!
DataCenter:     	OK!
DataCenter:     	Reconnecting to DC 5 (-1) from existing
DataCenterConnection: 	Trying shared connection via tcp://91.108.56.119:443 main DC 5, via ipv4 using AbridgedStream => BufferedRawStream => DefaultStream (-1)
DataCenterConnection: 	Already connected!
DataCenter:     	OK!
MTProto:        	Initing authorization...
MTProto:        	Initing authorization DC 2...
MTProto:        	Done initing authorization DC 2
MTProto:        	Initing authorization DC 1...
MTProto:        	Done initing authorization DC 1
MTProto:        	Initing authorization DC 3...
MTProto:        	Done initing authorization DC 3
MTProto:        	Initing authorization DC 4...
MTProto:        	Done initing authorization DC 4
MTProto:        	Initing authorization DC 5...
MTProto:        	Done initing authorization DC 5
MTProto:        	Initing authorization DC 2_media...
MTProto:        	Done initing authorization DC 2_media
MTProto:        	Initing authorization DC 4_media...
MTProto:        	Done initing authorization DC 4_media
MTProto:        	Not fetching phone config
MTProto:        	Not fetching phone config
MsgIdHandler64: 	Given message id (6957628494531279873) is bigger than or equal to the current limit (6957628494531275777). Consider syncing your date.
MTProto:        	Initing authorization...
MTProto:        	Initing authorization DC 2...
MTProto:        	Done initing authorization DC 2
MTProto:        	Initing authorization DC 1...
MTProto:        	Done initing authorization DC 1
MTProto:        	Initing authorization DC 3...
MTProto:        	Done initing authorization DC 3
MTProto:        	Initing authorization DC 4...
MTProto:        	Done initing authorization DC 4
MTProto:        	Initing authorization DC 5...
MTProto:        	Done initing authorization DC 5
MTProto:        	Initing authorization DC 2_media...
MTProto:        	Done initing authorization DC 2_media
MTProto:        	Initing authorization DC 4_media...
MTProto:        	Done initing authorization DC 4_media
AckHandler:     	Could not find users.getUsers with message ID 6957628491583979520 in new_outgoing!
MTProto:        	AUTH_KEY_UNREGISTERED
MTProto:        	Starting update system
API:            	MadelineProto is ready!
SessionPaths:   	Waiting for exclusive lock of /home/pokermahdi/public_html/erf/dl.madeline.ipcState.php.lock...
SessionPaths:   	Got exclusive lock of /home/pokermahdi/public_html/erf/dl.madeline.ipcState.php.lock...
[02-May-2021 09:52:01 UTC] Enabled PHP logging
GarbageCollector: 	gc_collect_cycles done. Cleaned memory: 1 Mb
Logger:         	MadelineProto
Logger:         	Copyright (C) 2016-2020 Daniil Gentili
Logger:         	Licensed under AGPLv3
Logger:         	https://github.com/danog/MadelineProto
Serialization:  	It seems like the session is busy.
Serialization:  	Telegram does not support starting multiple instances of the same session, make sure no other instance of the session is running.
Serialization:  	Still waiting for exclusive session lock...
[02-May-2021 14:22:07 Asia/tehran] Enabled PHP logging
[02-May-2021 14:22:07 Asia/tehran] Enabled PHP logging
Logger:         	MadelineProto
Logger:         	Copyright (C) 2016-2020 Daniil Gentili
Logger:         	Licensed under AGPLv3
Logger:         	https://github.com/danog/MadelineProto
Serialization:  	Trying to connect to IPC socket...
MTProto:        	Accepted IPC client connection!
Serialization:  	Connected to IPC socket!
SessionPaths:   	Waiting for shared lock of /home/pokermahdi/public_html/erf/dl.madeline.lightState.php.lock...
SessionPaths:   	Got shared lock of /home/pokermahdi/public_html/erf/dl.madeline.lightState.php.lock...
[02-May-2021 14:22:07 Asia/tehran] Enabled PHP logging
Login:          	Logging in as a bot...
MTProto:        	Initing authorization...
MTProto:        	Initing authorization DC 2...
AuthKeyHandler: 	Trying to copy authorization from DC 4 to DC 2
MsgIdHandler64: 	Given message id (6957628524495941633) is bigger than or equal to the current limit (6957628524495933441). Consider syncing your date.
MTProto:        	Done initing authorization DC 2
MTProto:        	Initing authorization DC 1...
AuthKeyHandler: 	Trying to copy authorization from DC 4 to DC 1
MTProto:        	Initing authorization DC 3...
AuthKeyHandler: 	Trying to copy authorization from DC 4 to DC 3
MTProto:        	Initing authorization DC 4...
MTProto:        	Done initing authorization DC 4
MTProto:        	Initing authorization DC 5...
AuthKeyHandler: 	Trying to copy authorization from DC 4 to DC 5
MsgIdHandler64: 	Given message id (6957628525356726273) is bigger than or equal to the current limit (6957628525356720129). Consider syncing your date.
MsgIdHandler64: 	Given message id (6957628526166017025) is bigger than or equal to the current limit (6957628526165992449). Consider syncing your date.
MsgIdHandler64: 	Given message id (6957628526189181953) is bigger than or equal to the current limit (6957628526189154305). Consider syncing your date.
MTProto:        	Done initing authorization DC 1
MTProto:        	Done initing authorization DC 3
MsgIdHandler64: 	Given message id (6957628526690599937) is bigger than or equal to the current limit (6957628526690585601). Consider syncing your date.
MTProto:        	Done initing authorization DC 5
MTProto:        	Initing authorization DC 2_media...
MTProto:        	Done initing authorization DC 2_media
MTProto:        	Initing authorization DC 4_media...
MTProto:        	Done initing authorization DC 4_media
MTProto:        	Starting update system
Login:          	Logged in successfully!
API:            	Shutting down MadelineProto (danog\MadelineProto\API)
API:            	Prompting final serialization...
API:            	Done final serialization!
Magic:          	Got sigterm
MTProto:        	Prompting final serialization (SHUTDOWN)...
MTProto:        	Done final serialization (SHUTDOWN)!
[02-May-2021 14:23:06 Asia/tehran] Enabled PHP logging
[02-May-2021 14:23:06 Asia/tehran] Enabled PHP logging
Logger:         	MadelineProto
Logger:         	Copyright (C) 2016-2020 Daniil Gentili
Logger:         	Licensed under AGPLv3
Logger:         	https://github.com/danog/MadelineProto
Serialization:  	Trying to connect to IPC socket...
Serialization:  	Connected to IPC socket!
SessionPaths:   	Waiting for shared lock of /home/pokermahdi/public_html/erf/dl.madeline.lightState.php.lock...
SessionPaths:   	Got shared lock of /home/pokermahdi/public_html/erf/dl.madeline.lightState.php.lock...
MTProto:        	Accepted IPC client connection!
API:            	Shutting down MadelineProto (danog\MadelineProto\API)
API:            	Prompting final serialization...
API:            	Done final serialization!
UpdateHandler:  	Parsing updates (updates) received via the socket...
UpdateHandler:  	Parsing updates (updates) received via the socket...
[02-May-2021 14:23:44 Asia/tehran] Enabled PHP logging
[02-May-2021 14:23:44 Asia/tehran] Enabled PHP logging
Logger:         	MadelineProto
Logger:         	Copyright (C) 2016-2020 Daniil Gentili
Logger:         	Licensed under AGPLv3
Logger:         	https://github.com/danog/MadelineProto
Serialization:  	Trying to connect to IPC socket...
MTProto:        	Accepted IPC client connection!
Serialization:  	Connected to IPC socket!
SessionPaths:   	Waiting for shared lock of /home/pokermahdi/public_html/erf/dl.madeline.lightState.php.lock...
SessionPaths:   	Got shared lock of /home/pokermahdi/public_html/erf/dl.madeline.lightState.php.lock...
Wrapper:        	Connecting to callback IPC server...
Wrapper:        	Connected to callback IPC server!
MTProto:        	Accepted IPC callback connection, assigning ID 0!
Wrapper:        	Got ID 0 from callback IPC server!
GarbageCollector: 	gc_collect_cycles done. Cleaned memory: 0 Mb
Files:          	Download status: 100%
Files:          	Total download time: 0.66571807861328
Files:          	Total download speed: 1.083906 mbps
ClientAbstract: 	Got exception while receiving in IPC client: Amp\ByteStream\PendingReadError: The previous read operation must complete before read can be called again in phar:///home/pokermahdi/public_html/erf/madeline-74.phar/vendor/amphp/byte-stream/lib/ResourceInputStream.php:90
Stack trace:
#0 phar:///home/pokermahdi/public_html/erf/madeline-74.phar/vendor/danog/ipc/lib/Sync/ChannelledStream.php(59): Amp\ByteStream\ResourceInputStream->read()
#1 [internal function]: Amp\Ipc\Sync\ChannelledStream->Amp\Ipc\Sync\{closure}()
#2 phar:///home/pokermahdi/public_html/erf/madeline-74.phar/vendor/amphp/amp/lib/Coroutine.php(53): Generator->current()
#3 phar:///home/pokermahdi/public_html/erf/madeline-74.phar/vendor/amphp/amp/lib/functions.php(91): Amp\Coroutine->__construct(Object(Generator))
#4 phar:///home/pokermahdi/public_html/erf/madeline-74.phar/vendor/danog/ipc/lib/Sync/ChannelledStream.php(69): Amp\call(Object(Closure))
#5 phar:///home/pokermahdi/public_html/erf/madeline-74.phar/vendor/danog/ipc/lib/Sync/ChannelledSocket.php(51): Amp\Ipc\Sync\ChannelledStream->receive()
#6 [internal function]: Amp\Ipc\Sync\ChannelledSocket->Amp\Ipc\Sync\{closure}()
#7 phar:///home/pokermahdi/public_html/erf/madeline-74.phar/vendor/amphp/amp/lib/Coroutine.php(53): Generator->current()
#8 phar:///home/pokermahdi/public_html/erf/madeline-74.phar/vendor/amphp/amp/lib/functions.php(91): Amp\Coroutine->__construct(Object(Generator))
#9 phar:///home/pokermahdi/public_html/erf/madeline-74.phar/vendor/danog/ipc/lib/Sync/ChannelledSocket.php(66): Amp\call(Object(Closure))
#10 phar:///home/pokermahdi/public_html/erf/madeline-74.phar/vendor/danog/madelineproto/src/danog/MadelineProto/Ipc/ClientAbstract.php(85): Amp\Ipc\Sync\ChannelledSocket->receive()
#11 [internal function]: danog\MadelineProto\Ipc\ClientAbstract->loopInternal()
#12 phar:///home/pokermahdi/public_html/erf/madeline-74.phar/vendor/danog/madelineproto/src/danog/MadelineProto/Coroutine.php(115): Generator->send(Array)
#13 phar:///home/pokermahdi/public_html/erf/madeline-74.phar/vendor/amphp/amp/lib/Internal/Placeholder.php(125): danog\MadelineProto\Coroutine->danog\MadelineProto\{closure}(NULL, Array)
#14 phar:///home/pokermahdi/public_html/erf/madeline-74.phar/vendor/amphp/amp/lib/Coroutine.php(100): Amp\Coroutine->resolve(Array)
#15 phar:///home/pokermahdi/public_html/erf/madeline-74.phar/vendor/amphp/amp/lib/Internal/Placeholder.php(125): Amp\Coroutine->Amp\{closure}(NULL, Array)
#16 phar:///home/pokermahdi/public_html/erf/madeline-74.phar/vendor/amphp/amp/lib/Coroutine.php(100): Amp\Coroutine->resolve(Array)
#17 phar:///home/pokermahdi/public_html/erf/madeline-74.phar/vendor/amphp/amp/lib/Internal/Placeholder.php(125): Amp\Coroutine->Amp\{closure}(NULL, '\x00\x1A\x00\x00\x00a:2:{i:0;i...')
#18 phar:///home/pokermahdi/public_html/erf/madeline-74.phar/vendor/amphp/amp/lib/Deferred.php(48): class@anonymous->resolve('\x00\x1A\x00\x00\x00a:2:{i:0;i...')
#19 phar:///home/pokermahdi/public_html/erf/madeline-74.phar/vendor/amphp/byte-stream/lib/ResourceInputStream.php(76): Amp\Deferred->resolve('\x00\x1A\x00\x00\x00a:2:{i:0;i...')
#20 phar:///home/pokermahdi/public_html/erf/madeline-74.phar/vendor/amphp/amp/lib/Loop/NativeDriver.php(259): Amp\ByteStream\ResourceInputStream::Amp\ByteStream\{closure}('no', Resource id #816, NULL)
#21 phar:///home/pokermahdi/public_html/erf/madeline-74.phar/vendor/amphp/amp/lib/Loop/NativeDriver.php(97): Amp\Loop\NativeDriver->selectStreams(Array, Array, 0.13)
#22 phar:///home/pokermahdi/public_html/erf/madeline-74.phar/vendor/amphp/amp/lib/Loop/Driver.php(117): Amp\Loop\NativeDriver->dispatch(true)
#23 phar:///home/pokermahdi/public_html/erf/madeline-74.phar/vendor/amphp/amp/lib/Loop/Driver.php(61): Amp\Loop\Driver->tick()
#24 phar:///home/pokermahdi/public_html/erf/madeline-74.phar/vendor/amphp/amp/lib/Loop.php(87): Amp\Loop\Driver->run()
#25 phar:///home/pokermahdi/public_html/erf/madeline-74.phar/vendor/danog/madelineproto/src/danog/MadelineProto/Tools.php(313): Amp\Loop::run(Object(Closure))
#26 phar:///home/pokermahdi/public_html/erf/madeline-74.phar/vendor/danog/madelineproto/src/danog/MadelineProto/Ipc/Runner/entry.php(99): danog\MadelineProto\Tools::wait(Object(Amp\Internal\PrivatePromise))
#27 phar:///home/pokermahdi/public_html/erf/madeline-74.phar/vendor/danog/madelineproto/src/danog/MadelineProto/Ipc/Runner/entry.php(120): {closure}()
#28 phar:///home/pokermahdi/public_html/erf/madeline-74.phar/vendor/composer/autoload_real.php(69): require('phar:///home/po...')
#29 phar:///home/pokermahdi/public_html/erf/madeline-74.phar/vendor/composer/autoload_real.php(59): composerRequire641700ac17c95dd5bc1645588572347f('efa978c9bd4884d...', 'phar:///home/po...')
#30 phar:///home/pokermahdi/public_html/erf/madeline-74.phar/vendor/autoload.php(7): ComposerAutoloaderInit641700ac17c95dd5bc1645588572347f::getLoader()
#31 /home/pokermahdi/public_html/erf/madeline-74.phar(16): require_once('phar:///home/po...')
#32 /home/pokermahdi/public_html/erf/madeline.php(170): require_once('/home/pokermahd...')
#33 {main}
API:            	Shutting down MadelineProto (danog\MadelineProto\API)
API:            	Prompting final serialization...
API:            	Done final serialization!
